<?xml version="1.0" encoding="UTF-8"?>
<robot generator="Robot 3.2.1 (Python 3.8.3 on win32)" generated="20201001 01:31:15.515" rpa="false">
<suite id="s1" name="PFD ROBOT" source="C:\Users\MrRobot\eclipse-workspace\PFD_ROBOT">
<suite id="s1-s1" name="testSuites" source="C:\Users\MrRobot\eclipse-workspace\PFD_ROBOT\testSuites">
<suite id="s1-s1-s1" name="testRes" source="C:\Users\MrRobot\eclipse-workspace\PFD_ROBOT\testSuites\testRes.robot">
<test id="s1-s1-s1-t1" name="affecterUtilisateurAuGroupe">
<kw name="Connect" library="Connect">
<arguments>
<arg>${VURL}</arg>
<arg>${vBrowser}</arg>
<arg>${vUsername}</arg>
<arg>${vPassword}</arg>
<arg>${title}</arg>
<arg>${TIMEOUT}</arg>
<arg>${language}</arg>
</arguments>
<kw name="Set Selenium Timeout" library="SeleniumLibrary">
<doc>Sets the timeout that is used by various keywords.</doc>
<arguments>
<arg>${TIMEOUT}</arg>
</arguments>
<status status="PASS" starttime="20201001 01:31:16.660" endtime="20201001 01:31:16.663"></status>
</kw>
<kw name=" OpenBrowserInLanguage" library="BrowserLauncher">
<doc>Starts the Google Chrome browser.</doc>
<arguments>
<arg>${vURL}</arg>
<arg>${language}</arg>
<arg>${vBrowser}</arg>
</arguments>
<kw name="Evaluate" library="BuiltIn">
<doc>Evaluates the given expression in Python and returns the result.</doc>
<arguments>
<arg>sys.modules['selenium.webdriver'].ChromeOptions()</arg>
<arg>sys</arg>
</arguments>
<assign>
<var>${options}</var>
</assign>
<msg timestamp="20201001 01:31:16.667" level="INFO">${options} = &lt;selenium.webdriver.chrome.options.Options object at 0x04314538&gt;</msg>
<status status="PASS" starttime="20201001 01:31:16.666" endtime="20201001 01:31:16.667"></status>
</kw>
<kw name="Call Method" library="BuiltIn">
<doc>Calls the named method of the given object with the provided arguments.</doc>
<arguments>
<arg>${options}</arg>
<arg>add_argument</arg>
<arg>--lang\=${language}</arg>
</arguments>
<status status="PASS" starttime="20201001 01:31:16.668" endtime="20201001 01:31:16.670"></status>
</kw>
<kw name="Create Webdriver" library="SeleniumLibrary">
<doc>Creates an instance of Selenium WebDriver.</doc>
<arguments>
<arg>Chrome</arg>
<arg>chrome_options=${options}</arg>
</arguments>
<msg timestamp="20201001 01:31:16.672" level="INFO">Creating an instance of the Chrome WebDriver.</msg>
<status status="PASS" starttime="20201001 01:31:16.670" endtime="20201001 01:31:20.583"></status>
</kw>
<kw name="Go To" library="SeleniumLibrary">
<doc>Navigates the current browser window to the provided ``url``.</doc>
<arguments>
<arg>${URL}</arg>
</arguments>
<msg timestamp="20201001 01:31:20.586" level="INFO">Opening url 'http://localhost:8066/share/page/'</msg>
<status status="PASS" starttime="20201001 01:31:20.584" endtime="20201001 01:31:23.260"></status>
</kw>
<status status="PASS" starttime="20201001 01:31:16.663" endtime="20201001 01:31:23.263"></status>
</kw>
<kw name="Maximize Browser Window" library="SeleniumLibrary">
<doc>Maximizes current browser window.</doc>
<status status="PASS" starttime="20201001 01:31:23.265" endtime="20201001 01:31:25.432"></status>
</kw>
<kw name="Title Should Be" library="SeleniumLibrary">
<doc>Verifies that the current page title equals ``title``.</doc>
<arguments>
<arg>${vTitle}</arg>
</arguments>
<msg timestamp="20201001 01:31:25.488" level="INFO">Page title is 'Alfresco » Connexion'.</msg>
<status status="PASS" starttime="20201001 01:31:25.434" endtime="20201001 01:31:25.489"></status>
</kw>
<kw name="Input Text" library="SeleniumLibrary">
<doc>Types the given ``text`` into the text field identified by ``locator``.</doc>
<arguments>
<arg>id=page_x002e_components_x002e_slingshot-login_x0023_default-username</arg>
<arg>${vUsername}</arg>
</arguments>
<msg timestamp="20201001 01:31:25.498" level="INFO">Typing text '6156493' into text field 'id=page_x002e_components_x002e_slingshot-login_x0023_default-username'.</msg>
<status status="PASS" starttime="20201001 01:31:25.492" endtime="20201001 01:31:25.847"></status>
</kw>
<kw name="Input Text" library="SeleniumLibrary">
<doc>Types the given ``text`` into the text field identified by ``locator``.</doc>
<arguments>
<arg>id=page_x002e_components_x002e_slingshot-login_x0023_default-password</arg>
<arg>${vPassword}</arg>
</arguments>
<msg timestamp="20201001 01:31:25.850" level="INFO">Typing text '12345678' into text field 'id=page_x002e_components_x002e_slingshot-login_x0023_default-password'.</msg>
<status status="PASS" starttime="20201001 01:31:25.848" endtime="20201001 01:31:27.406"></status>
</kw>
<kw name="Click Button" library="SeleniumLibrary">
<doc>Clicks the button identified by ``locator``.</doc>
<arguments>
<arg>id=page_x002e_components_x002e_slingshot-login_x0023_default-submit-button</arg>
</arguments>
<msg timestamp="20201001 01:31:27.410" level="INFO">Clicking button 'id=page_x002e_components_x002e_slingshot-login_x0023_default-submit-button'.</msg>
<status status="PASS" starttime="20201001 01:31:27.408" endtime="20201001 01:31:31.121"></status>
</kw>
<kw name="Wait Until Element Is Visible" library="SeleniumLibrary">
<doc>Waits until the element ``locator`` is visible.</doc>
<arguments>
<arg>xpath://*[@id="HEADER_TITLE"]/span</arg>
</arguments>
<status status="PASS" starttime="20201001 01:31:31.123" endtime="20201001 01:31:31.231"></status>
</kw>
<kw name="Element Should Contain" library="SeleniumLibrary">
<doc>Verifies that element ``locator`` contains text ``expected``.</doc>
<arguments>
<arg>xpath://*[@id="HEADER_TITLE"]/span</arg>
<arg>Tableau de bord de</arg>
</arguments>
<msg timestamp="20201001 01:31:31.296" level="INFO">Element 'xpath://*[@id="HEADER_TITLE"]/span' contains text 'Tableau de bord de'.</msg>
<status status="PASS" starttime="20201001 01:31:31.232" endtime="20201001 01:31:31.297"></status>
</kw>
<status status="PASS" starttime="20201001 01:31:16.657" endtime="20201001 01:31:31.298"></status>
</kw>
<kw name="Init Date" library="Keywords">
<assign>
<var>${timestamp}</var>
</assign>
<kw name="Get Current Date" library="DateTime">
<doc>Returns current local or UTC time with an optional increment.</doc>
<arguments>
<arg>exclude_millis=yes</arg>
</arguments>
<assign>
<var>${vDateSys}</var>
</assign>
<msg timestamp="20201001 01:31:31.305" level="INFO">${vDateSys} = 2020-10-01 01:31:31</msg>
<status status="PASS" starttime="20201001 01:31:31.302" endtime="20201001 01:31:31.305"></status>
</kw>
<kw name="Get Substring" library="String">
<doc>Returns a substring from ``start`` index to ``end`` index.</doc>
<arguments>
<arg>${vDateSys}</arg>
<arg>0</arg>
<arg>10</arg>
</arguments>
<assign>
<var>${vDate}</var>
</assign>
<msg timestamp="20201001 01:31:31.310" level="INFO">${vDate} = 2020-10-01</msg>
<status status="PASS" starttime="20201001 01:31:31.307" endtime="20201001 01:31:31.311"></status>
</kw>
<kw name="Get Substring" library="String">
<doc>Returns a substring from ``start`` index to ``end`` index.</doc>
<arguments>
<arg>${vDateSys}</arg>
<arg>11</arg>
<arg>13</arg>
</arguments>
<assign>
<var>${vHeure}</var>
</assign>
<msg timestamp="20201001 01:31:31.315" level="INFO">${vHeure} = 01</msg>
<status status="PASS" starttime="20201001 01:31:31.312" endtime="20201001 01:31:31.315"></status>
</kw>
<kw name="Get Substring" library="String">
<doc>Returns a substring from ``start`` index to ``end`` index.</doc>
<arguments>
<arg>${vDateSys}</arg>
<arg>14</arg>
<arg>16</arg>
</arguments>
<assign>
<var>${vMinute}</var>
</assign>
<msg timestamp="20201001 01:31:31.319" level="INFO">${vMinute} = 31</msg>
<status status="PASS" starttime="20201001 01:31:31.317" endtime="20201001 01:31:31.320"></status>
</kw>
<kw name="Get Substring" library="String">
<doc>Returns a substring from ``start`` index to ``end`` index.</doc>
<arguments>
<arg>${vDateSys}</arg>
<arg>17</arg>
<arg>19</arg>
</arguments>
<assign>
<var>${vSeconde}</var>
</assign>
<msg timestamp="20201001 01:31:31.324" level="INFO">${vSeconde} = 31</msg>
<status status="PASS" starttime="20201001 01:31:31.321" endtime="20201001 01:31:31.324"></status>
</kw>
<kw name="Catenate" library="BuiltIn">
<doc>Catenates the given items together and returns the resulted string.</doc>
<arguments>
<arg>${vDate}-${vHeure}${vMinute}${vSeconde}</arg>
</arguments>
<assign>
<var>${vCompleteDate}</var>
</assign>
<msg timestamp="20201001 01:31:31.329" level="INFO">${vCompleteDate} = 2020-10-01-013131</msg>
<status status="PASS" starttime="20201001 01:31:31.326" endtime="20201001 01:31:31.329"></status>
</kw>
<msg timestamp="20201001 01:31:31.331" level="INFO">${timestamp} = 2020-10-01-013131</msg>
<status status="PASS" starttime="20201001 01:31:31.300" endtime="20201001 01:31:31.332"></status>
</kw>
<kw name="Create List" library="BuiltIn">
<doc>Returns a list containing given items.</doc>
<assign>
<var>@{Utilisateurs}</var>
</assign>
<msg timestamp="20201001 01:31:31.336" level="INFO">@{Utilisateurs} = [ ]</msg>
<status status="PASS" starttime="20201001 01:31:31.333" endtime="20201001 01:31:31.337"></status>
</kw>
<kw name="Create List" library="BuiltIn">
<doc>Returns a list containing given items.</doc>
<assign>
<var>@{groupes}</var>
</assign>
<msg timestamp="20201001 01:31:31.340" level="INFO">@{groupes} = [ ]</msg>
<status status="PASS" starttime="20201001 01:31:31.338" endtime="20201001 01:31:31.341"></status>
</kw>
<kw name="Return List From Csv" library="csvHandling">
<arguments>
<arg>${affecterUtilisateurAuGroupeDATAPOOL}</arg>
</arguments>
<assign>
<var>@{Lignes}</var>
</assign>
<msg timestamp="20201001 01:31:31.347" level="INFO">@{Lignes} = [ mostafa;zakri;noemail@gmail.com;USER_X;alfresco;alfresco;groupeX22245;22;gb;groupeX222456;groupeX222456;0
 ]</msg>
<status status="PASS" starttime="20201001 01:31:31.343" endtime="20201001 01:31:31.347"></status>
</kw>
<kw name="${Ligne} IN [ @{Lignes} ]" type="for">
<kw name="${Ligne} = mostafa;zakri;noemail@gmail.com;USER_X;alfresco;alfresco;groupeX22245;22;gb;groupeX222456;groupeX222456;0&#10;" type="foritem">
<kw name="Split String" library="String">
<doc>Splits the ``string`` using ``separator`` as a delimiter string.</doc>
<arguments>
<arg>${Ligne}</arg>
<arg>;</arg>
</arguments>
<assign>
<var>@{param}</var>
</assign>
<msg timestamp="20201001 01:31:31.354" level="INFO">@{param} = [ mostafa | zakri | noemail@gmail.com | USER_X | alfresco | alfresco | groupeX22245 | 22 | gb | groupeX222456 | groupeX222456 | 0
 ]</msg>
<status status="PASS" starttime="20201001 01:31:31.351" endtime="20201001 01:31:31.355"></status>
</kw>
<kw name="creerGroupe" library="Keywords">
<arguments>
<arg>${param}[6]-${timestamp}</arg>
<arg>${param}[6]</arg>
</arguments>
<kw name="Click Element" library="SeleniumLibrary">
<doc>Click the element identified by ``locator``.</doc>
<arguments>
<arg>//a[contains(text(), 'Outils admin')]</arg>
</arguments>
<msg timestamp="20201001 01:31:31.363" level="INFO">Clicking element '//a[contains(text(), 'Outils admin')]'.</msg>
<status status="PASS" starttime="20201001 01:31:31.361" endtime="20201001 01:31:35.673"></status>
</kw>
<kw name="Click Element" library="SeleniumLibrary">
<doc>Click the element identified by ``locator``.</doc>
<arguments>
<arg>//a[@title='Gestion des groupes']</arg>
</arguments>
<msg timestamp="20201001 01:31:35.678" level="INFO">Clicking element '//a[@title='Gestion des groupes']'.</msg>
<status status="PASS" starttime="20201001 01:31:35.675" endtime="20201001 01:31:37.504"></status>
</kw>
<kw name="Sleep" library="BuiltIn">
<doc>Pauses the test executed for the given time.</doc>
<arguments>
<arg>${timeout}</arg>
</arguments>
<msg timestamp="20201001 01:31:40.510" level="INFO">Slept 3 seconds</msg>
<status status="PASS" starttime="20201001 01:31:37.507" endtime="20201001 01:31:40.511"></status>
</kw>
<kw name="Click Element" library="SeleniumLibrary">
<doc>Click the element identified by ``locator``.</doc>
<arguments>
<arg>//button[@id='page_x002e_ctool_x002e_admin-console_x0023_default-browse-button-button']</arg>
</arguments>
<msg timestamp="20201001 01:31:40.516" level="INFO">Clicking element '//button[@id='page_x002e_ctool_x002e_admin-console_x0023_default-browse-button-button']'.</msg>
<status status="PASS" starttime="20201001 01:31:40.513" endtime="20201001 01:31:40.707"></status>
</kw>
<kw name="Wait Until Element Is Visible" library="SeleniumLibrary">
<doc>Waits until the element ``locator`` is visible.</doc>
<arguments>
<arg>//span[@class='groups-newgroup-button']</arg>
<arg>16</arg>
</arguments>
<status status="PASS" starttime="20201001 01:31:40.709" endtime="20201001 01:31:41.032"></status>
</kw>
<kw name="Click Element" library="SeleniumLibrary">
<doc>Click the element identified by ``locator``.</doc>
<arguments>
<arg>//span[@class='groups-newgroup-button']</arg>
</arguments>
<msg timestamp="20201001 01:31:41.034" level="INFO">Clicking element '//span[@class='groups-newgroup-button']'.</msg>
<status status="PASS" starttime="20201001 01:31:41.033" endtime="20201001 01:31:41.288"></status>
</kw>
<kw name="Input Text" library="SeleniumLibrary">
<doc>Types the given ``text`` into the text field identified by ``locator``.</doc>
<arguments>
<arg>//input[@id='page_x002e_ctool_x002e_admin-console_x0023_default-create-shortname']</arg>
<arg>${identifiant}</arg>
</arguments>
<msg timestamp="20201001 01:31:41.292" level="INFO">Typing text 'groupeX22245-2020-10-01-013131' into text field '//input[@id='page_x002e_ctool_x002e_admin-console_x0023_default-create-shortname']'.</msg>
<status status="PASS" starttime="20201001 01:31:41.290" endtime="20201001 01:31:41.938"></status>
</kw>
<kw name="Input Text" library="SeleniumLibrary">
<doc>Types the given ``text`` into the text field identified by ``locator``.</doc>
<arguments>
<arg>//input[@id='page_x002e_ctool_x002e_admin-console_x0023_default-create-displayname']</arg>
<arg>${Nom_affiche}</arg>
</arguments>
<msg timestamp="20201001 01:31:41.942" level="INFO">Typing text 'groupeX22245' into text field '//input[@id='page_x002e_ctool_x002e_admin-console_x0023_default-create-displayname']'.</msg>
<status status="PASS" starttime="20201001 01:31:41.940" endtime="20201001 01:31:42.370"></status>
</kw>
<kw name="Click Element" library="SeleniumLibrary">
<doc>Click the element identified by ``locator``.</doc>
<arguments>
<arg>//button[@id='page_x002e_ctool_x002e_admin-console_x0023_default-creategroup-ok-button-button']</arg>
</arguments>
<msg timestamp="20201001 01:31:42.373" level="INFO">Clicking element '//button[@id='page_x002e_ctool_x002e_admin-console_x0023_default-creategroup-ok-button-button']'.</msg>
<status status="PASS" starttime="20201001 01:31:42.372" endtime="20201001 01:31:42.535"></status>
</kw>
<status status="PASS" starttime="20201001 01:31:31.356" endtime="20201001 01:31:42.538"></status>
</kw>
<kw name="creerUtilisateur" library="Keywords">
<arguments>
<arg>${param}[0]</arg>
<arg>${param}[1]</arg>
<arg>${param}[2]</arg>
<arg>${param}[3]-${timestamp}</arg>
<arg>${param}[4]</arg>
<arg>${param}[5]</arg>
<arg>${param}[6]</arg>
<arg>${param}[7]</arg>
<arg>${param}[8]</arg>
</arguments>
<kw name="Click Element" library="SeleniumLibrary">
<doc>Click the element identified by ``locator``.</doc>
<arguments>
<arg>id=HEADER_ADMIN_CONSOLE_text</arg>
</arguments>
<msg timestamp="20201001 01:31:42.548" level="INFO">Clicking element 'id=HEADER_ADMIN_CONSOLE_text'.</msg>
<status status="PASS" starttime="20201001 01:31:42.546" endtime="20201001 01:31:46.115"></status>
</kw>
<kw name="Wait Until Element Is Visible" library="SeleniumLibrary">
<doc>Waits until the element ``locator`` is visible.</doc>
<arguments>
<arg>xpath://a[@href="users"]</arg>
</arguments>
<status status="PASS" starttime="20201001 01:31:46.117" endtime="20201001 01:31:46.199"></status>
</kw>
<kw name="Title Should Be" library="SeleniumLibrary">
<doc>Verifies that the current page title equals ``title``.</doc>
<arguments>
<arg>Alfresco » Outils admin</arg>
</arguments>
<msg timestamp="20201001 01:31:46.212" level="INFO">Page title is 'Alfresco » Outils admin'.</msg>
<status status="PASS" starttime="20201001 01:31:46.200" endtime="20201001 01:31:46.213"></status>
</kw>
<kw name="Click Element" library="SeleniumLibrary">
<doc>Click the element identified by ``locator``.</doc>
<arguments>
<arg>xpath://a[@href="users"]</arg>
</arguments>
<msg timestamp="20201001 01:31:46.215" level="INFO">Clicking element 'xpath://a[@href="users"]'.</msg>
<status status="PASS" starttime="20201001 01:31:46.214" endtime="20201001 01:31:47.785"></status>
</kw>
<kw name="Wait Until Page Contains Element" library="SeleniumLibrary">
<doc>Waits until the element ``locator`` appears on the current page.</doc>
<arguments>
<arg>xpath://span[@id="page_x002e_ctool_x002e_admin-console_x0023_default-newuser-button"]//button</arg>
</arguments>
<status status="PASS" starttime="20201001 01:31:47.787" endtime="20201001 01:31:47.843"></status>
</kw>
<kw name="Page Should Contain" library="SeleniumLibrary">
<doc>Verifies that current page contains ``text``.</doc>
<arguments>
<arg>Recherche d'utilisateur</arg>
</arguments>
<msg timestamp="20201001 01:31:47.886" level="INFO">Current page contains text 'Recherche d'utilisateur'.</msg>
<status status="PASS" starttime="20201001 01:31:47.844" endtime="20201001 01:31:47.887"></status>
</kw>
<kw name="Click Button" library="SeleniumLibrary">
<doc>Clicks the button identified by ``locator``.</doc>
<arguments>
<arg>xpath://span[@id="page_x002e_ctool_x002e_admin-console_x0023_default-newuser-button"]//button</arg>
</arguments>
<msg timestamp="20201001 01:31:47.889" level="INFO">Clicking button 'xpath://span[@id="page_x002e_ctool_x002e_admin-console_x0023_default-newuser-button"]//button'.</msg>
<status status="PASS" starttime="20201001 01:31:47.888" endtime="20201001 01:31:48.137"></status>
</kw>
<kw name="Wait Until Page Contains Element" library="SeleniumLibrary">
<doc>Waits until the element ``locator`` appears on the current page.</doc>
<arguments>
<arg>xpath://input[@id="page_x002e_ctool_x002e_admin-console_x0023_default-create-firstname"]</arg>
</arguments>
<status status="PASS" starttime="20201001 01:31:48.139" endtime="20201001 01:31:48.201"></status>
</kw>
<kw name="Input Text" library="SeleniumLibrary">
<doc>Types the given ``text`` into the text field identified by ``locator``.</doc>
<arguments>
<arg>xpath://input[@id="page_x002e_ctool_x002e_admin-console_x0023_default-create-firstname"]</arg>
<arg>${vPrenom}</arg>
</arguments>
<msg timestamp="20201001 01:31:48.208" level="INFO">Typing text 'mostafa' into text field 'xpath://input[@id="page_x002e_ctool_x002e_admin-console_x0023_default-create-firstname"]'.</msg>
<status status="PASS" starttime="20201001 01:31:48.205" endtime="20201001 01:31:48.542"></status>
</kw>
<kw name="Input Text" library="SeleniumLibrary">
<doc>Types the given ``text`` into the text field identified by ``locator``.</doc>
<arguments>
<arg>xpath://input[@id="page_x002e_ctool_x002e_admin-console_x0023_default-create-lastname"]</arg>
<arg>${vNom}</arg>
</arguments>
<msg timestamp="20201001 01:31:48.548" level="INFO">Typing text 'zakri' into text field 'xpath://input[@id="page_x002e_ctool_x002e_admin-console_x0023_default-create-lastname"]'.</msg>
<status status="PASS" starttime="20201001 01:31:48.544" endtime="20201001 01:31:48.822"></status>
</kw>
<kw name="Input Text" library="SeleniumLibrary">
<doc>Types the given ``text`` into the text field identified by ``locator``.</doc>
<arguments>
<arg>xpath://input[@id="page_x002e_ctool_x002e_admin-console_x0023_default-create-email"]</arg>
<arg>${vEmail}</arg>
</arguments>
<msg timestamp="20201001 01:31:48.824" level="INFO">Typing text 'noemail@gmail.com' into text field 'xpath://input[@id="page_x002e_ctool_x002e_admin-console_x0023_default-create-email"]'.</msg>
<status status="PASS" starttime="20201001 01:31:48.823" endtime="20201001 01:31:49.223"></status>
</kw>
<kw name="Input Text" library="SeleniumLibrary">
<doc>Types the given ``text`` into the text field identified by ``locator``.</doc>
<arguments>
<arg>xpath://input[@id="page_x002e_ctool_x002e_admin-console_x0023_default-create-username"]</arg>
<arg>${vNomUtilisateur}</arg>
</arguments>
<msg timestamp="20201001 01:31:49.226" level="INFO">Typing text 'USER_X-2020-10-01-013131' into text field 'xpath://input[@id="page_x002e_ctool_x002e_admin-console_x0023_default-create-username"]'.</msg>
<status status="PASS" starttime="20201001 01:31:49.224" endtime="20201001 01:31:49.803"></status>
</kw>
<kw name="Input Text" library="SeleniumLibrary">
<doc>Types the given ``text`` into the text field identified by ``locator``.</doc>
<arguments>
<arg>xpath://input[@id="page_x002e_ctool_x002e_admin-console_x0023_default-create-password"]</arg>
<arg>${vMot2Pass}</arg>
</arguments>
<msg timestamp="20201001 01:31:49.806" level="INFO">Typing text 'alfresco' into text field 'xpath://input[@id="page_x002e_ctool_x002e_admin-console_x0023_default-create-password"]'.</msg>
<status status="PASS" starttime="20201001 01:31:49.804" endtime="20201001 01:31:50.169"></status>
</kw>
<kw name="Input Text" library="SeleniumLibrary">
<doc>Types the given ``text`` into the text field identified by ``locator``.</doc>
<arguments>
<arg>//input[@id="page_x002e_ctool_x002e_admin-console_x0023_default-create-verifypassword"]</arg>
<arg>${vMot2PassAverifier}</arg>
</arguments>
<msg timestamp="20201001 01:31:50.172" level="INFO">Typing text 'alfresco' into text field '//input[@id="page_x002e_ctool_x002e_admin-console_x0023_default-create-verifypassword"]'.</msg>
<status status="PASS" starttime="20201001 01:31:50.170" endtime="20201001 01:31:50.580"></status>
</kw>
<kw name="Input Text" library="SeleniumLibrary">
<doc>Types the given ``text`` into the text field identified by ``locator``.</doc>
<arguments>
<arg>xpath://input[@id="page_x002e_ctool_x002e_admin-console_x0023_default-create-groupfinder-search-text"]</arg>
<arg>${vNomGroup}</arg>
</arguments>
<msg timestamp="20201001 01:31:50.583" level="INFO">Typing text 'groupeX22245' into text field 'xpath://input[@id="page_x002e_ctool_x002e_admin-console_x0023_default-create-groupfinder-search-text"]'.</msg>
<status status="PASS" starttime="20201001 01:31:50.581" endtime="20201001 01:31:50.895"></status>
</kw>
<kw name="Click Element" library="SeleniumLibrary">
<doc>Click the element identified by ``locator``.</doc>
<arguments>
<arg>id=page_x002e_ctool_x002e_admin-console_x0023_default-create-groupfinder-group-search-button-button</arg>
</arguments>
<msg timestamp="20201001 01:31:50.898" level="INFO">Clicking element 'id=page_x002e_ctool_x002e_admin-console_x0023_default-create-groupfinder-group-search-button-button'.</msg>
<status status="PASS" starttime="20201001 01:31:50.897" endtime="20201001 01:31:51.083"></status>
</kw>
<kw name="Sleep" library="BuiltIn">
<doc>Pauses the test executed for the given time.</doc>
<arguments>
<arg>4 seconds</arg>
</arguments>
<msg timestamp="20201001 01:31:55.087" level="INFO">Slept 4 seconds</msg>
<status status="PASS" starttime="20201001 01:31:51.085" endtime="20201001 01:31:55.088"></status>
</kw>
<kw name="Wait Until Element Is Visible" library="SeleniumLibrary">
<doc>Waits until the element ``locator`` is visible.</doc>
<arguments>
<arg>xpath://div[@id="page_x002e_ctool_x002e_admin-console_x0023_default-create-groupfinder-results"]//h3[text()="${vNomGroup}"]//parent::div//parent::td//following-sibling::td//button</arg>
</arguments>
<status status="PASS" starttime="20201001 01:31:55.089" endtime="20201001 01:31:55.155"></status>
</kw>
<kw name="Click Button" library="SeleniumLibrary">
<doc>Clicks the button identified by ``locator``.</doc>
<arguments>
<arg>xpath://div[@id="page_x002e_ctool_x002e_admin-console_x0023_default-create-groupfinder-results"]//h3[text()="${vNomGroup}"]//parent::div//parent::td//following-sibling::td//button</arg>
</arguments>
<msg timestamp="20201001 01:31:55.157" level="INFO">Clicking button 'xpath://div[@id="page_x002e_ctool_x002e_admin-console_x0023_default-create-groupfinder-results"]//h3[text()="groupeX22245"]//parent::div//parent::td//following-sibling::td//button'.</msg>
<status status="PASS" starttime="20201001 01:31:55.156" endtime="20201001 01:31:55.339"></status>
</kw>
<kw name="Element Should Be Visible" library="SeleniumLibrary">
<doc>Verifies that the element identified by ``locator`` is visible.</doc>
<arguments>
<arg>xpath://span[text()="${vNomGroup}"]</arg>
</arguments>
<msg timestamp="20201001 01:31:55.435" level="INFO">Element 'xpath://span[text()="groupeX22245"]' is displayed.</msg>
<status status="PASS" starttime="20201001 01:31:55.341" endtime="20201001 01:31:55.437"></status>
</kw>
<kw name="Input Text" library="SeleniumLibrary">
<doc>Types the given ``text`` into the text field identified by ``locator``.</doc>
<arguments>
<arg>id = page_x002e_ctool_x002e_admin-console_x0023_default-create-quota</arg>
<arg>${vQota}</arg>
</arguments>
<msg timestamp="20201001 01:31:55.441" level="INFO">Typing text '22' into text field 'id = page_x002e_ctool_x002e_admin-console_x0023_default-create-quota'.</msg>
<status status="PASS" starttime="20201001 01:31:55.439" endtime="20201001 01:31:55.711"></status>
</kw>
<kw name="Select From List By Value" library="SeleniumLibrary">
<doc>Selects options from selection list ``locator`` by ``values``.</doc>
<arguments>
<arg>id = page_x002e_ctool_x002e_admin-console_x0023_default-create-quotatype</arg>
<arg>${value}</arg>
</arguments>
<msg timestamp="20201001 01:31:55.713" level="INFO">Selecting options from selection list 'id = page_x002e_ctool_x002e_admin-console_x0023_default-create-quotatype' by value gb.</msg>
<status status="PASS" starttime="20201001 01:31:55.712" endtime="20201001 01:31:55.828"></status>
</kw>
<kw name="Element Should Be Visible" library="SeleniumLibrary">
<doc>Verifies that the element identified by ``locator`` is visible.</doc>
<arguments>
<arg>id = page_x002e_ctool_x002e_admin-console_x0023_default-createuser-ok-button-button</arg>
</arguments>
<msg timestamp="20201001 01:31:55.885" level="INFO">Element 'id = page_x002e_ctool_x002e_admin-console_x0023_default-createuser-ok-button-button' is displayed.</msg>
<status status="PASS" starttime="20201001 01:31:55.829" endtime="20201001 01:31:55.886"></status>
</kw>
<kw name="Click Button" library="SeleniumLibrary">
<doc>Clicks the button identified by ``locator``.</doc>
<arguments>
<arg>id = page_x002e_ctool_x002e_admin-console_x0023_default-createuser-ok-button-button</arg>
</arguments>
<msg timestamp="20201001 01:31:55.888" level="INFO">Clicking button 'id = page_x002e_ctool_x002e_admin-console_x0023_default-createuser-ok-button-button'.</msg>
<status status="PASS" starttime="20201001 01:31:55.887" endtime="20201001 01:31:56.071"></status>
</kw>
<kw name="Wait Until Page Contains" library="SeleniumLibrary">
<doc>Waits until ``text`` appears on the current page.</doc>
<arguments>
<arg>Recherche d'utilisateur</arg>
</arguments>
<status status="PASS" starttime="20201001 01:31:56.072" endtime="20201001 01:31:56.104"></status>
</kw>
<kw name="Title Should Be" library="SeleniumLibrary">
<doc>Verifies that the current page title equals ``title``.</doc>
<arguments>
<arg>Alfresco » Outils admin</arg>
</arguments>
<msg timestamp="20201001 01:31:56.115" level="INFO">Page title is 'Alfresco » Outils admin'.</msg>
<status status="PASS" starttime="20201001 01:31:56.106" endtime="20201001 01:31:56.116"></status>
</kw>
<status status="PASS" starttime="20201001 01:31:42.539" endtime="20201001 01:31:56.117"></status>
</kw>
<kw name="creerGroupe" library="Keywords">
<arguments>
<arg>${param}[9]-${timestamp}</arg>
<arg>${param}[10]</arg>
</arguments>
<kw name="Click Element" library="SeleniumLibrary">
<doc>Click the element identified by ``locator``.</doc>
<arguments>
<arg>//a[contains(text(), 'Outils admin')]</arg>
</arguments>
<msg timestamp="20201001 01:31:56.121" level="INFO">Clicking element '//a[contains(text(), 'Outils admin')]'.</msg>
<status status="PASS" starttime="20201001 01:31:56.120" endtime="20201001 01:31:59.775"></status>
</kw>
<kw name="Click Element" library="SeleniumLibrary">
<doc>Click the element identified by ``locator``.</doc>
<arguments>
<arg>//a[@title='Gestion des groupes']</arg>
</arguments>
<msg timestamp="20201001 01:31:59.778" level="INFO">Clicking element '//a[@title='Gestion des groupes']'.</msg>
<status status="PASS" starttime="20201001 01:31:59.776" endtime="20201001 01:32:01.352"></status>
</kw>
<kw name="Sleep" library="BuiltIn">
<doc>Pauses the test executed for the given time.</doc>
<arguments>
<arg>${timeout}</arg>
</arguments>
<msg timestamp="20201001 01:32:04.361" level="INFO">Slept 3 seconds</msg>
<status status="PASS" starttime="20201001 01:32:01.355" endtime="20201001 01:32:04.362"></status>
</kw>
<kw name="Click Element" library="SeleniumLibrary">
<doc>Click the element identified by ``locator``.</doc>
<arguments>
<arg>//button[@id='page_x002e_ctool_x002e_admin-console_x0023_default-browse-button-button']</arg>
</arguments>
<msg timestamp="20201001 01:32:04.365" level="INFO">Clicking element '//button[@id='page_x002e_ctool_x002e_admin-console_x0023_default-browse-button-button']'.</msg>
<status status="PASS" starttime="20201001 01:32:04.363" endtime="20201001 01:32:04.607"></status>
</kw>
<kw name="Wait Until Element Is Visible" library="SeleniumLibrary">
<doc>Waits until the element ``locator`` is visible.</doc>
<arguments>
<arg>//span[@class='groups-newgroup-button']</arg>
<arg>16</arg>
</arguments>
<status status="PASS" starttime="20201001 01:32:04.608" endtime="20201001 01:32:05.441"></status>
</kw>
<kw name="Click Element" library="SeleniumLibrary">
<doc>Click the element identified by ``locator``.</doc>
<arguments>
<arg>//span[@class='groups-newgroup-button']</arg>
</arguments>
<msg timestamp="20201001 01:32:05.443" level="INFO">Clicking element '//span[@class='groups-newgroup-button']'.</msg>
<status status="PASS" starttime="20201001 01:32:05.442" endtime="20201001 01:32:05.583"></status>
</kw>
<kw name="Input Text" library="SeleniumLibrary">
<doc>Types the given ``text`` into the text field identified by ``locator``.</doc>
<arguments>
<arg>//input[@id='page_x002e_ctool_x002e_admin-console_x0023_default-create-shortname']</arg>
<arg>${identifiant}</arg>
</arguments>
<msg timestamp="20201001 01:32:05.586" level="INFO">Typing text 'groupeX222456-2020-10-01-013131' into text field '//input[@id='page_x002e_ctool_x002e_admin-console_x0023_default-create-shortname']'.</msg>
<status status="PASS" starttime="20201001 01:32:05.585" endtime="20201001 01:32:06.149"></status>
</kw>
<kw name="Input Text" library="SeleniumLibrary">
<doc>Types the given ``text`` into the text field identified by ``locator``.</doc>
<arguments>
<arg>//input[@id='page_x002e_ctool_x002e_admin-console_x0023_default-create-displayname']</arg>
<arg>${Nom_affiche}</arg>
</arguments>
<msg timestamp="20201001 01:32:06.153" level="INFO">Typing text 'groupeX222456' into text field '//input[@id='page_x002e_ctool_x002e_admin-console_x0023_default-create-displayname']'.</msg>
<status status="PASS" starttime="20201001 01:32:06.151" endtime="20201001 01:32:06.517"></status>
</kw>
<kw name="Click Element" library="SeleniumLibrary">
<doc>Click the element identified by ``locator``.</doc>
<arguments>
<arg>//button[@id='page_x002e_ctool_x002e_admin-console_x0023_default-creategroup-ok-button-button']</arg>
</arguments>
<msg timestamp="20201001 01:32:06.520" level="INFO">Clicking element '//button[@id='page_x002e_ctool_x002e_admin-console_x0023_default-creategroup-ok-button-button']'.</msg>
<status status="PASS" starttime="20201001 01:32:06.518" endtime="20201001 01:32:06.650"></status>
</kw>
<status status="PASS" starttime="20201001 01:31:56.118" endtime="20201001 01:32:06.652"></status>
</kw>
<kw name="Append To List" library="Collections">
<doc>Adds ``values`` to the end of ``list``.</doc>
<arguments>
<arg>${Utilisateurs}</arg>
<arg>${param}[3]-${timestamp}</arg>
</arguments>
<status status="PASS" starttime="20201001 01:32:06.653" endtime="20201001 01:32:06.656"></status>
</kw>
<kw name="Append To List" library="Collections">
<doc>Adds ``values`` to the end of ``list``.</doc>
<arguments>
<arg>${groupes}</arg>
<arg>${param}[6]-${timestamp}</arg>
<arg>${param}[9]-${timestamp}</arg>
</arguments>
<status status="PASS" starttime="20201001 01:32:06.657" endtime="20201001 01:32:06.659"></status>
</kw>
<kw name="Click Element" library="SeleniumLibrary">
<doc>Click the element identified by ``locator``.</doc>
<arguments>
<arg>//a[@title='Gestion des groupes']</arg>
</arguments>
<msg timestamp="20201001 01:32:06.661" level="INFO">Clicking element '//a[@title='Gestion des groupes']'.</msg>
<status status="PASS" starttime="20201001 01:32:06.660" endtime="20201001 01:32:08.254"></status>
</kw>
<kw name="Sleep" library="BuiltIn">
<doc>Pauses the test executed for the given time.</doc>
<arguments>
<arg>${timeout}</arg>
</arguments>
<msg timestamp="20201001 01:32:11.260" level="INFO">Slept 3 seconds</msg>
<status status="PASS" starttime="20201001 01:32:08.256" endtime="20201001 01:32:11.261"></status>
</kw>
<kw name="Input Text" library="SeleniumLibrary">
<doc>Types the given ``text`` into the text field identified by ``locator``.</doc>
<arguments>
<arg>//div[@class='groups']//div[@class='search-text']/input[1]</arg>
<arg>${param}[9]-${timestamp}</arg>
</arguments>
<msg timestamp="20201001 01:32:11.264" level="INFO">Typing text 'groupeX222456-2020-10-01-013131' into text field '//div[@class='groups']//div[@class='search-text']/input[1]'.</msg>
<status status="PASS" starttime="20201001 01:32:11.262" endtime="20201001 01:32:11.565"></status>
</kw>
<kw name="Click Element" library="SeleniumLibrary">
<doc>Click the element identified by ``locator``.</doc>
<arguments>
<arg>//button[@id='page_x002e_ctool_x002e_admin-console_x0023_default-browse-button-button']</arg>
</arguments>
<msg timestamp="20201001 01:32:11.567" level="INFO">Clicking element '//button[@id='page_x002e_ctool_x002e_admin-console_x0023_default-browse-button-button']'.</msg>
<status status="PASS" starttime="20201001 01:32:11.566" endtime="20201001 01:32:11.708"></status>
</kw>
<kw name="Wait Until Page Contains Element" library="SeleniumLibrary">
<doc>Waits until the element ``locator`` appears on the current page.</doc>
<arguments>
<arg>//div[@id='page_x002e_ctool_x002e_admin-console_x0023_default-columnbrowser']//descendant::span[text() = '${param}[9] (${param}[9]-${timestamp})']</arg>
</arguments>
<status status="PASS" starttime="20201001 01:32:11.710" endtime="20201001 01:32:11.978"></status>
</kw>
<kw name="Click Element" library="SeleniumLibrary">
<doc>Click the element identified by ``locator``.</doc>
<arguments>
<arg>//div[@id='page_x002e_ctool_x002e_admin-console_x0023_default-columnbrowser']//descendant::span[text() = '${param}[9] (${param}[9]-${timestamp})']</arg>
</arguments>
<msg timestamp="20201001 01:32:11.981" level="INFO">Clicking element '//div[@id='page_x002e_ctool_x002e_admin-console_x0023_default-columnbrowser']//descendant::span[text() = 'groupeX222456 (groupeX222456-2020-10-01-013131)']'.</msg>
<status status="PASS" starttime="20201001 01:32:11.980" endtime="20201001 01:32:12.123"></status>
</kw>
<kw name="Wait Until Element Is Visible" library="SeleniumLibrary">
<doc>Waits until the element ``locator`` is visible.</doc>
<arguments>
<arg>//div[@id='page_x002e_ctool_x002e_admin-console_x0023_default-columnbrowser']/div[2]/ul/li[2]/div[1]//span[@title = 'Ajouter un utilisateur']</arg>
</arguments>
<status status="PASS" starttime="20201001 01:32:12.125" endtime="20201001 01:32:12.445"></status>
</kw>
<kw name="Click Element" library="SeleniumLibrary">
<doc>Click the element identified by ``locator``.</doc>
<arguments>
<arg>//div[@id='page_x002e_ctool_x002e_admin-console_x0023_default-columnbrowser']/div[2]/ul/li[2]/div[1]//span[@title = 'Ajouter un utilisateur']</arg>
</arguments>
<msg timestamp="20201001 01:32:12.448" level="INFO">Clicking element '//div[@id='page_x002e_ctool_x002e_admin-console_x0023_default-columnbrowser']/div[2]/ul/li[2]/div[1]//span[@title = 'Ajouter un utilisateur']'.</msg>
<status status="PASS" starttime="20201001 01:32:12.447" endtime="20201001 01:32:12.605"></status>
</kw>
<kw name="Input Text" library="SeleniumLibrary">
<doc>Types the given ``text`` into the text field identified by ``locator``.</doc>
<arguments>
<arg>//div[@class='search-text']/input[@id='page_x002e_ctool_x002e_admin-console_x0023_default-search-peoplefinder-search-text']</arg>
<arg>${param}[3]-${timestamp}</arg>
</arguments>
<msg timestamp="20201001 01:32:12.607" level="INFO">Typing text 'USER_X-2020-10-01-013131' into text field '//div[@class='search-text']/input[@id='page_x002e_ctool_x002e_admin-console_x0023_default-search-peoplefinder-search-text']'.</msg>
<status status="PASS" starttime="20201001 01:32:12.606" endtime="20201001 01:32:12.959"></status>
</kw>
<kw name="Click Element" library="SeleniumLibrary">
<doc>Click the element identified by ``locator``.</doc>
<arguments>
<arg>//button[@id='page_x002e_ctool_x002e_admin-console_x0023_default-search-peoplefinder-search-button-button']</arg>
</arguments>
<msg timestamp="20201001 01:32:12.962" level="INFO">Clicking element '//button[@id='page_x002e_ctool_x002e_admin-console_x0023_default-search-peoplefinder-search-button-button']'.</msg>
<status status="PASS" starttime="20201001 01:32:12.961" endtime="20201001 01:32:13.107"></status>
</kw>
<kw name="Wait Until Element Is Visible" library="SeleniumLibrary">
<doc>Waits until the element ``locator`` is visible.</doc>
<arguments>
<arg>//span[contains(text(), '${param}[3]-${timestamp}')]//ancestor::div[1]//parent::td//following-sibling::td//button</arg>
</arguments>
<status status="PASS" starttime="20201001 01:32:13.108" endtime="20201001 01:32:13.387"></status>
</kw>
<kw name="Click Element" library="SeleniumLibrary">
<doc>Click the element identified by ``locator``.</doc>
<arguments>
<arg>//span[contains(text(), '${param}[3]-${timestamp}')]//ancestor::div[1]//parent::td//following-sibling::td//button</arg>
</arguments>
<msg timestamp="20201001 01:32:13.390" level="INFO">Clicking element '//span[contains(text(), 'USER_X-2020-10-01-013131')]//ancestor::div[1]//parent::td//following-sibling::td//button'.</msg>
<status status="PASS" starttime="20201001 01:32:13.388" endtime="20201001 01:32:13.524"></status>
</kw>
<kw name="Wait Until Page Contains Element" library="SeleniumLibrary">
<doc>Waits until the element ``locator`` appears on the current page.</doc>
<arguments>
<arg>//div[@id='page_x002e_ctool_x002e_admin-console_x0023_default-columnbrowser']//descendant::span[contains(text(),'${param}[3]-${timestamp}')]</arg>
</arguments>
<status status="PASS" starttime="20201001 01:32:13.526" endtime="20201001 01:32:14.008"></status>
</kw>
<kw name="supprimerGroupe" library="Keywords">
<arguments>
<arg>${groupes}[0]</arg>
</arguments>
<kw name="Click Element" library="SeleniumLibrary">
<doc>Click the element identified by ``locator``.</doc>
<arguments>
<arg>//a[text()='Outils admin']</arg>
</arguments>
<msg timestamp="20201001 01:32:14.011" level="INFO">Clicking element '//a[text()='Outils admin']'.</msg>
<status status="PASS" starttime="20201001 01:32:14.011" endtime="20201001 01:32:17.838"></status>
</kw>
<kw name="Click Element" library="SeleniumLibrary">
<doc>Click the element identified by ``locator``.</doc>
<arguments>
<arg>//a[@title='Gestion des groupes']</arg>
</arguments>
<msg timestamp="20201001 01:32:17.841" level="INFO">Clicking element '//a[@title='Gestion des groupes']'.</msg>
<status status="PASS" starttime="20201001 01:32:17.840" endtime="20201001 01:32:19.567"></status>
</kw>
<kw name="Input Text" library="SeleniumLibrary">
<doc>Types the given ``text`` into the text field identified by ``locator``.</doc>
<arguments>
<arg>//div[@class='groups']//div[@class='search-text']/input[1]</arg>
<arg>${vGroupe}</arg>
</arguments>
<msg timestamp="20201001 01:32:19.573" level="INFO">Typing text 'groupeX22245-2020-10-01-013131' into text field '//div[@class='groups']//div[@class='search-text']/input[1]'.</msg>
<status status="PASS" starttime="20201001 01:32:19.570" endtime="20201001 01:32:20.119"></status>
</kw>
<kw name="Click Element" library="SeleniumLibrary">
<doc>Click the element identified by ``locator``.</doc>
<arguments>
<arg>//div[@class='search-button']/span[1]/span[1]/button[1]</arg>
</arguments>
<msg timestamp="20201001 01:32:20.123" level="INFO">Clicking element '//div[@class='search-button']/span[1]/span[1]/button[1]'.</msg>
<status status="PASS" starttime="20201001 01:32:20.121" endtime="20201001 01:32:20.284"></status>
</kw>
<kw name="Wait Until Page Contains Element" library="SeleniumLibrary">
<doc>Waits until the element ``locator`` appears on the current page.</doc>
<arguments>
<arg>//a[@class='delete']</arg>
<arg>30</arg>
</arguments>
<status status="PASS" starttime="20201001 01:32:20.288" endtime="20201001 01:32:20.553"></status>
</kw>
<kw name="Click Element" library="SeleniumLibrary">
<doc>Click the element identified by ``locator``.</doc>
<arguments>
<arg>//a[@class='delete']</arg>
</arguments>
<msg timestamp="20201001 01:32:20.555" level="INFO">Clicking element '//a[@class='delete']'.</msg>
<status status="PASS" starttime="20201001 01:32:20.554" endtime="20201001 01:32:20.682"></status>
</kw>
<kw name="Wait Until Element Is Visible" library="SeleniumLibrary">
<doc>Waits until the element ``locator`` is visible.</doc>
<arguments>
<arg>//div[@class='bdft']/span[1]/span[1]/button[text()='Supprimer']</arg>
<arg>15</arg>
</arguments>
<status status="PASS" starttime="20201001 01:32:20.685" endtime="20201001 01:32:20.846"></status>
</kw>
<kw name="Click Element" library="SeleniumLibrary">
<doc>Click the element identified by ``locator``.</doc>
<arguments>
<arg>//div[@class='bdft']/span[1]/span[1]/button[text()='Supprimer']</arg>
</arguments>
<msg timestamp="20201001 01:32:20.850" level="INFO">Clicking element '//div[@class='bdft']/span[1]/span[1]/button[text()='Supprimer']'.</msg>
<status status="PASS" starttime="20201001 01:32:20.848" endtime="20201001 01:32:20.982"></status>
</kw>
<status status="PASS" starttime="20201001 01:32:14.009" endtime="20201001 01:32:20.984"></status>
</kw>
<kw name="supprimerGroupe" library="Keywords">
<arguments>
<arg>${groupes}[1]</arg>
</arguments>
<kw name="Click Element" library="SeleniumLibrary">
<doc>Click the element identified by ``locator``.</doc>
<arguments>
<arg>//a[text()='Outils admin']</arg>
</arguments>
<msg timestamp="20201001 01:32:20.988" level="INFO">Clicking element '//a[text()='Outils admin']'.</msg>
<status status="PASS" starttime="20201001 01:32:20.987" endtime="20201001 01:32:24.783"></status>
</kw>
<kw name="Click Element" library="SeleniumLibrary">
<doc>Click the element identified by ``locator``.</doc>
<arguments>
<arg>//a[@title='Gestion des groupes']</arg>
</arguments>
<msg timestamp="20201001 01:32:24.789" level="INFO">Clicking element '//a[@title='Gestion des groupes']'.</msg>
<status status="PASS" starttime="20201001 01:32:24.786" endtime="20201001 01:32:26.203"></status>
</kw>
<kw name="Input Text" library="SeleniumLibrary">
<doc>Types the given ``text`` into the text field identified by ``locator``.</doc>
<arguments>
<arg>//div[@class='groups']//div[@class='search-text']/input[1]</arg>
<arg>${vGroupe}</arg>
</arguments>
<msg timestamp="20201001 01:32:26.206" level="INFO">Typing text 'groupeX222456-2020-10-01-013131' into text field '//div[@class='groups']//div[@class='search-text']/input[1]'.</msg>
<status status="PASS" starttime="20201001 01:32:26.205" endtime="20201001 01:32:26.749"></status>
</kw>
<kw name="Click Element" library="SeleniumLibrary">
<doc>Click the element identified by ``locator``.</doc>
<arguments>
<arg>//div[@class='search-button']/span[1]/span[1]/button[1]</arg>
</arguments>
<msg timestamp="20201001 01:32:26.751" level="INFO">Clicking element '//div[@class='search-button']/span[1]/span[1]/button[1]'.</msg>
<status status="PASS" starttime="20201001 01:32:26.750" endtime="20201001 01:32:27.023"></status>
</kw>
<kw name="Wait Until Page Contains Element" library="SeleniumLibrary">
<doc>Waits until the element ``locator`` appears on the current page.</doc>
<arguments>
<arg>//a[@class='delete']</arg>
<arg>30</arg>
</arguments>
<status status="PASS" starttime="20201001 01:32:27.025" endtime="20201001 01:32:27.309"></status>
</kw>
<kw name="Click Element" library="SeleniumLibrary">
<doc>Click the element identified by ``locator``.</doc>
<arguments>
<arg>//a[@class='delete']</arg>
</arguments>
<msg timestamp="20201001 01:32:27.311" level="INFO">Clicking element '//a[@class='delete']'.</msg>
<status status="PASS" starttime="20201001 01:32:27.310" endtime="20201001 01:32:27.431"></status>
</kw>
<kw name="Wait Until Element Is Visible" library="SeleniumLibrary">
<doc>Waits until the element ``locator`` is visible.</doc>
<arguments>
<arg>//div[@class='bdft']/span[1]/span[1]/button[text()='Supprimer']</arg>
<arg>15</arg>
</arguments>
<status status="PASS" starttime="20201001 01:32:27.433" endtime="20201001 01:32:27.727"></status>
</kw>
<kw name="Click Element" library="SeleniumLibrary">
<doc>Click the element identified by ``locator``.</doc>
<arguments>
<arg>//div[@class='bdft']/span[1]/span[1]/button[text()='Supprimer']</arg>
</arguments>
<msg timestamp="20201001 01:32:27.729" level="INFO">Clicking element '//div[@class='bdft']/span[1]/span[1]/button[text()='Supprimer']'.</msg>
<status status="PASS" starttime="20201001 01:32:27.728" endtime="20201001 01:32:27.849"></status>
</kw>
<status status="PASS" starttime="20201001 01:32:20.985" endtime="20201001 01:32:27.851"></status>
</kw>
<kw name="supprimerUtilisateur" library="Keywords">
<arguments>
<arg>${Utilisateurs}[0]</arg>
</arguments>
<kw name="Click Element" library="SeleniumLibrary">
<doc>Click the element identified by ``locator``.</doc>
<arguments>
<arg>id=HEADER_ADMIN_CONSOLE_text</arg>
</arguments>
<msg timestamp="20201001 01:32:27.856" level="INFO">Clicking element 'id=HEADER_ADMIN_CONSOLE_text'.</msg>
<status status="PASS" starttime="20201001 01:32:27.854" endtime="20201001 01:32:31.581"></status>
</kw>
<kw name="Wait Until Element Is Visible" library="SeleniumLibrary">
<doc>Waits until the element ``locator`` is visible.</doc>
<arguments>
<arg>xpath://a[@href="users"]</arg>
</arguments>
<status status="PASS" starttime="20201001 01:32:31.583" endtime="20201001 01:32:31.679"></status>
</kw>
<kw name="Title Should Be" library="SeleniumLibrary">
<doc>Verifies that the current page title equals ``title``.</doc>
<arguments>
<arg>Alfresco » Outils admin</arg>
</arguments>
<msg timestamp="20201001 01:32:31.700" level="INFO">Page title is 'Alfresco » Outils admin'.</msg>
<status status="PASS" starttime="20201001 01:32:31.681" endtime="20201001 01:32:31.701"></status>
</kw>
<kw name="Click Element" library="SeleniumLibrary">
<doc>Click the element identified by ``locator``.</doc>
<arguments>
<arg>xpath://a[@href="users"]</arg>
</arguments>
<msg timestamp="20201001 01:32:31.703" level="INFO">Clicking element 'xpath://a[@href="users"]'.</msg>
<status status="PASS" starttime="20201001 01:32:31.702" endtime="20201001 01:32:33.276"></status>
</kw>
<kw name="Wait Until Element Is Visible" library="SeleniumLibrary">
<doc>Waits until the element ``locator`` is visible.</doc>
<arguments>
<arg>id=page_x002e_ctool_x002e_admin-console_x0023_default-search-button-button</arg>
</arguments>
<status status="PASS" starttime="20201001 01:32:33.277" endtime="20201001 01:32:33.350"></status>
</kw>
<kw name="Page Should Contain" library="SeleniumLibrary">
<doc>Verifies that current page contains ``text``.</doc>
<arguments>
<arg>Recherche d'utilisateur</arg>
</arguments>
<msg timestamp="20201001 01:32:33.398" level="INFO">Current page contains text 'Recherche d'utilisateur'.</msg>
<status status="PASS" starttime="20201001 01:32:33.351" endtime="20201001 01:32:33.399"></status>
</kw>
<kw name="Input Text" library="SeleniumLibrary">
<doc>Types the given ``text`` into the text field identified by ``locator``.</doc>
<arguments>
<arg>id = page_x002e_ctool_x002e_admin-console_x0023_default-search-text</arg>
<arg>${utilisateurAsupprimer}</arg>
</arguments>
<msg timestamp="20201001 01:32:33.404" level="INFO">Typing text 'USER_X-2020-10-01-013131' into text field 'id = page_x002e_ctool_x002e_admin-console_x0023_default-search-text'.</msg>
<status status="PASS" starttime="20201001 01:32:33.400" endtime="20201001 01:32:33.698"></status>
</kw>
<kw name="Click Button" library="SeleniumLibrary">
<doc>Clicks the button identified by ``locator``.</doc>
<arguments>
<arg>id = page_x002e_ctool_x002e_admin-console_x0023_default-search-button-button</arg>
</arguments>
<msg timestamp="20201001 01:32:33.701" level="INFO">Clicking button 'id = page_x002e_ctool_x002e_admin-console_x0023_default-search-button-button'.</msg>
<status status="PASS" starttime="20201001 01:32:33.699" endtime="20201001 01:32:33.887"></status>
</kw>
<kw name="Sleep" library="BuiltIn">
<doc>Pauses the test executed for the given time.</doc>
<arguments>
<arg>3 seconds</arg>
</arguments>
<msg timestamp="20201001 01:32:36.890" level="INFO">Slept 3 seconds</msg>
<status status="PASS" starttime="20201001 01:32:33.888" endtime="20201001 01:32:36.891"></status>
</kw>
<kw name="Click Element" library="SeleniumLibrary">
<doc>Click the element identified by ``locator``.</doc>
<arguments>
<arg>xpath://tbody[@class="yui-dt-data"]//tr//td/descendant::div[text()="${utilisateurAsupprimer}"]//parent::td//preceding-sibling::td//a</arg>
</arguments>
<msg timestamp="20201001 01:32:36.894" level="INFO">Clicking element 'xpath://tbody[@class="yui-dt-data"]//tr//td/descendant::div[text()="USER_X-2020-10-01-013131"]//parent::td//preceding-sibling::td//a'.</msg>
<status status="PASS" starttime="20201001 01:32:36.892" endtime="20201001 01:32:37.102"></status>
</kw>
<kw name="Wait Until Element Is Visible" library="SeleniumLibrary">
<doc>Waits until the element ``locator`` is visible.</doc>
<arguments>
<arg>id=page_x002e_ctool_x002e_admin-console_x0023_default-deleteuser-button-button</arg>
</arguments>
<status status="PASS" starttime="20201001 01:32:37.104" endtime="20201001 01:32:37.263"></status>
</kw>
<kw name="Page Should Contain" library="SeleniumLibrary">
<doc>Verifies that current page contains ``text``.</doc>
<arguments>
<arg>${utilisateurAsupprimer}</arg>
</arguments>
<msg timestamp="20201001 01:32:37.335" level="INFO">Current page contains text 'USER_X-2020-10-01-013131'.</msg>
<status status="PASS" starttime="20201001 01:32:37.265" endtime="20201001 01:32:37.336"></status>
</kw>
<kw name="Click Button" library="SeleniumLibrary">
<doc>Clicks the button identified by ``locator``.</doc>
<arguments>
<arg>id=page_x002e_ctool_x002e_admin-console_x0023_default-deleteuser-button-button</arg>
</arguments>
<msg timestamp="20201001 01:32:37.341" level="INFO">Clicking button 'id=page_x002e_ctool_x002e_admin-console_x0023_default-deleteuser-button-button'.</msg>
<status status="PASS" starttime="20201001 01:32:37.339" endtime="20201001 01:32:37.606"></status>
</kw>
<kw name="Sleep" library="BuiltIn">
<doc>Pauses the test executed for the given time.</doc>
<arguments>
<arg>2 seconds</arg>
</arguments>
<msg timestamp="20201001 01:32:39.612" level="INFO">Slept 2 seconds</msg>
<status status="PASS" starttime="20201001 01:32:37.608" endtime="20201001 01:32:39.613"></status>
</kw>
<kw name="Click Button" library="SeleniumLibrary">
<doc>Clicks the button identified by ``locator``.</doc>
<arguments>
<arg>xpath://button[starts-with(@id,"yui-gen") and contains (text(),"Supprimer")]</arg>
</arguments>
<msg timestamp="20201001 01:32:39.615" level="INFO">Clicking button 'xpath://button[starts-with(@id,"yui-gen") and contains (text(),"Supprimer")]'.</msg>
<status status="PASS" starttime="20201001 01:32:39.614" endtime="20201001 01:32:39.780"></status>
</kw>
<kw name="Page Should Contain" library="SeleniumLibrary">
<doc>Verifies that current page contains ``text``.</doc>
<arguments>
<arg>Recherche d'utilisateur</arg>
</arguments>
<msg timestamp="20201001 01:32:39.819" level="INFO">Current page contains text 'Recherche d'utilisateur'.</msg>
<status status="PASS" starttime="20201001 01:32:39.781" endtime="20201001 01:32:39.821"></status>
</kw>
<status status="PASS" starttime="20201001 01:32:27.852" endtime="20201001 01:32:39.823"></status>
</kw>
<status status="PASS" starttime="20201001 01:31:31.350" endtime="20201001 01:32:39.824"></status>
</kw>
<status status="PASS" starttime="20201001 01:31:31.348" endtime="20201001 01:32:39.825"></status>
</kw>
<kw name="Logout" library="Logout">
<kw name="Sleep" library="BuiltIn">
<doc>Pauses the test executed for the given time.</doc>
<arguments>
<arg>3s</arg>
</arguments>
<msg timestamp="20201001 01:32:42.830" level="INFO">Slept 3 seconds</msg>
<status status="PASS" starttime="20201001 01:32:39.829" endtime="20201001 01:32:42.831"></status>
</kw>
<kw name="Click Element" library="SeleniumLibrary">
<doc>Click the element identified by ``locator``.</doc>
<arguments>
<arg>id=HEADER_USER_MENU_POPUP</arg>
</arguments>
<msg timestamp="20201001 01:32:42.835" level="INFO">Clicking element 'id=HEADER_USER_MENU_POPUP'.</msg>
<status status="PASS" starttime="20201001 01:32:42.833" endtime="20201001 01:32:42.960"></status>
</kw>
<kw name="Wait Until Element Is Visible" library="SeleniumLibrary">
<doc>Waits until the element ``locator`` is visible.</doc>
<arguments>
<arg>id=HEADER_USER_MENU_LOGOUT_text</arg>
</arguments>
<status status="PASS" starttime="20201001 01:32:42.961" endtime="20201001 01:32:43.075"></status>
</kw>
<kw name="Click Element" library="SeleniumLibrary">
<doc>Click the element identified by ``locator``.</doc>
<arguments>
<arg>id=HEADER_USER_MENU_LOGOUT_text</arg>
</arguments>
<msg timestamp="20201001 01:32:43.080" level="INFO">Clicking element 'id=HEADER_USER_MENU_LOGOUT_text'.</msg>
<status status="PASS" starttime="20201001 01:32:43.078" endtime="20201001 01:32:43.221"></status>
</kw>
<kw name="Close Browser" library="SeleniumLibrary" type="teardown">
<doc>Closes the current browser.</doc>
<status status="PASS" starttime="20201001 01:32:43.223" endtime="20201001 01:32:45.773"></status>
</kw>
<status status="PASS" starttime="20201001 01:32:39.827" endtime="20201001 01:32:45.774"></status>
</kw>
<status status="PASS" starttime="20201001 01:31:16.654" endtime="20201001 01:32:45.776" critical="yes"></status>
</test>
<test id="s1-s1-s1-t2" name="modifierModele">
<kw name="Connect" library="Connect">
<arguments>
<arg>${VURL}</arg>
<arg>${vBrowser}</arg>
<arg>${vUsername}</arg>
<arg>${vPassword}</arg>
<arg>${title}</arg>
<arg>${TIMEOUT}</arg>
<arg>${language}</arg>
</arguments>
<kw name="Set Selenium Timeout" library="SeleniumLibrary">
<doc>Sets the timeout that is used by various keywords.</doc>
<arguments>
<arg>${TIMEOUT}</arg>
</arguments>
<status status="PASS" starttime="20201001 01:32:45.784" endtime="20201001 01:32:45.785"></status>
</kw>
<kw name=" OpenBrowserInLanguage" library="BrowserLauncher">
<doc>Starts the Google Chrome browser.</doc>
<arguments>
<arg>${vURL}</arg>
<arg>${language}</arg>
<arg>${vBrowser}</arg>
</arguments>
<kw name="Evaluate" library="BuiltIn">
<doc>Evaluates the given expression in Python and returns the result.</doc>
<arguments>
<arg>sys.modules['selenium.webdriver'].ChromeOptions()</arg>
<arg>sys</arg>
</arguments>
<assign>
<var>${options}</var>
</assign>
<msg timestamp="20201001 01:32:45.789" level="INFO">${options} = &lt;selenium.webdriver.chrome.options.Options object at 0x0432CC70&gt;</msg>
<status status="PASS" starttime="20201001 01:32:45.788" endtime="20201001 01:32:45.790"></status>
</kw>
<kw name="Call Method" library="BuiltIn">
<doc>Calls the named method of the given object with the provided arguments.</doc>
<arguments>
<arg>${options}</arg>
<arg>add_argument</arg>
<arg>--lang\=${language}</arg>
</arguments>
<status status="PASS" starttime="20201001 01:32:45.791" endtime="20201001 01:32:45.792"></status>
</kw>
<kw name="Create Webdriver" library="SeleniumLibrary">
<doc>Creates an instance of Selenium WebDriver.</doc>
<arguments>
<arg>Chrome</arg>
<arg>chrome_options=${options}</arg>
</arguments>
<msg timestamp="20201001 01:32:45.794" level="INFO">Creating an instance of the Chrome WebDriver.</msg>
<status status="PASS" starttime="20201001 01:32:45.793" endtime="20201001 01:32:49.557"></status>
</kw>
<kw name="Go To" library="SeleniumLibrary">
<doc>Navigates the current browser window to the provided ``url``.</doc>
<arguments>
<arg>${URL}</arg>
</arguments>
<msg timestamp="20201001 01:32:49.560" level="INFO">Opening url 'http://localhost:8066/share/page/'</msg>
<status status="PASS" starttime="20201001 01:32:49.559" endtime="20201001 01:32:51.597"></status>
</kw>
<status status="PASS" starttime="20201001 01:32:45.786" endtime="20201001 01:32:51.599"></status>
</kw>
<kw name="Maximize Browser Window" library="SeleniumLibrary">
<doc>Maximizes current browser window.</doc>
<status status="PASS" starttime="20201001 01:32:51.600" endtime="20201001 01:32:53.783"></status>
</kw>
<kw name="Title Should Be" library="SeleniumLibrary">
<doc>Verifies that the current page title equals ``title``.</doc>
<arguments>
<arg>${vTitle}</arg>
</arguments>
<msg timestamp="20201001 01:32:53.826" level="INFO">Page title is 'Alfresco » Connexion'.</msg>
<status status="PASS" starttime="20201001 01:32:53.787" endtime="20201001 01:32:53.827"></status>
</kw>
<kw name="Input Text" library="SeleniumLibrary">
<doc>Types the given ``text`` into the text field identified by ``locator``.</doc>
<arguments>
<arg>id=page_x002e_components_x002e_slingshot-login_x0023_default-username</arg>
<arg>${vUsername}</arg>
</arguments>
<msg timestamp="20201001 01:32:53.831" level="INFO">Typing text '6156493' into text field 'id=page_x002e_components_x002e_slingshot-login_x0023_default-username'.</msg>
<status status="PASS" starttime="20201001 01:32:53.829" endtime="20201001 01:32:54.194"></status>
</kw>
<kw name="Input Text" library="SeleniumLibrary">
<doc>Types the given ``text`` into the text field identified by ``locator``.</doc>
<arguments>
<arg>id=page_x002e_components_x002e_slingshot-login_x0023_default-password</arg>
<arg>${vPassword}</arg>
</arguments>
<msg timestamp="20201001 01:32:54.196" level="INFO">Typing text '12345678' into text field 'id=page_x002e_components_x002e_slingshot-login_x0023_default-password'.</msg>
<status status="PASS" starttime="20201001 01:32:54.195" endtime="20201001 01:32:54.435"></status>
</kw>
<kw name="Click Button" library="SeleniumLibrary">
<doc>Clicks the button identified by ``locator``.</doc>
<arguments>
<arg>id=page_x002e_components_x002e_slingshot-login_x0023_default-submit-button</arg>
</arguments>
<msg timestamp="20201001 01:32:54.437" level="INFO">Clicking button 'id=page_x002e_components_x002e_slingshot-login_x0023_default-submit-button'.</msg>
<status status="PASS" starttime="20201001 01:32:54.436" endtime="20201001 01:32:57.776"></status>
</kw>
<kw name="Wait Until Element Is Visible" library="SeleniumLibrary">
<doc>Waits until the element ``locator`` is visible.</doc>
<arguments>
<arg>xpath://*[@id="HEADER_TITLE"]/span</arg>
</arguments>
<status status="PASS" starttime="20201001 01:32:57.778" endtime="20201001 01:32:57.885"></status>
</kw>
<kw name="Element Should Contain" library="SeleniumLibrary">
<doc>Verifies that element ``locator`` contains text ``expected``.</doc>
<arguments>
<arg>xpath://*[@id="HEADER_TITLE"]/span</arg>
<arg>Tableau de bord de</arg>
</arguments>
<msg timestamp="20201001 01:32:57.957" level="INFO">Element 'xpath://*[@id="HEADER_TITLE"]/span' contains text 'Tableau de bord de'.</msg>
<status status="PASS" starttime="20201001 01:32:57.887" endtime="20201001 01:32:57.958"></status>
</kw>
<status status="PASS" starttime="20201001 01:32:45.780" endtime="20201001 01:32:57.960"></status>
</kw>
<kw name="Init Date" library="Keywords">
<assign>
<var>${timestamp}</var>
</assign>
<kw name="Get Current Date" library="DateTime">
<doc>Returns current local or UTC time with an optional increment.</doc>
<arguments>
<arg>exclude_millis=yes</arg>
</arguments>
<assign>
<var>${vDateSys}</var>
</assign>
<msg timestamp="20201001 01:32:57.966" level="INFO">${vDateSys} = 2020-10-01 01:32:58</msg>
<status status="PASS" starttime="20201001 01:32:57.964" endtime="20201001 01:32:57.966"></status>
</kw>
<kw name="Get Substring" library="String">
<doc>Returns a substring from ``start`` index to ``end`` index.</doc>
<arguments>
<arg>${vDateSys}</arg>
<arg>0</arg>
<arg>10</arg>
</arguments>
<assign>
<var>${vDate}</var>
</assign>
<msg timestamp="20201001 01:32:57.970" level="INFO">${vDate} = 2020-10-01</msg>
<status status="PASS" starttime="20201001 01:32:57.968" endtime="20201001 01:32:57.971"></status>
</kw>
<kw name="Get Substring" library="String">
<doc>Returns a substring from ``start`` index to ``end`` index.</doc>
<arguments>
<arg>${vDateSys}</arg>
<arg>11</arg>
<arg>13</arg>
</arguments>
<assign>
<var>${vHeure}</var>
</assign>
<msg timestamp="20201001 01:32:57.974" level="INFO">${vHeure} = 01</msg>
<status status="PASS" starttime="20201001 01:32:57.972" endtime="20201001 01:32:57.975"></status>
</kw>
<kw name="Get Substring" library="String">
<doc>Returns a substring from ``start`` index to ``end`` index.</doc>
<arguments>
<arg>${vDateSys}</arg>
<arg>14</arg>
<arg>16</arg>
</arguments>
<assign>
<var>${vMinute}</var>
</assign>
<msg timestamp="20201001 01:32:57.977" level="INFO">${vMinute} = 32</msg>
<status status="PASS" starttime="20201001 01:32:57.976" endtime="20201001 01:32:57.978"></status>
</kw>
<kw name="Get Substring" library="String">
<doc>Returns a substring from ``start`` index to ``end`` index.</doc>
<arguments>
<arg>${vDateSys}</arg>
<arg>17</arg>
<arg>19</arg>
</arguments>
<assign>
<var>${vSeconde}</var>
</assign>
<msg timestamp="20201001 01:32:57.981" level="INFO">${vSeconde} = 58</msg>
<status status="PASS" starttime="20201001 01:32:57.979" endtime="20201001 01:32:57.982"></status>
</kw>
<kw name="Catenate" library="BuiltIn">
<doc>Catenates the given items together and returns the resulted string.</doc>
<arguments>
<arg>${vDate}-${vHeure}${vMinute}${vSeconde}</arg>
</arguments>
<assign>
<var>${vCompleteDate}</var>
</assign>
<msg timestamp="20201001 01:32:57.985" level="INFO">${vCompleteDate} = 2020-10-01-013258</msg>
<status status="PASS" starttime="20201001 01:32:57.983" endtime="20201001 01:32:57.985"></status>
</kw>
<msg timestamp="20201001 01:32:57.987" level="INFO">${timestamp} = 2020-10-01-013258</msg>
<status status="PASS" starttime="20201001 01:32:57.962" endtime="20201001 01:32:57.988"></status>
</kw>
<kw name="Create List" library="BuiltIn">
<doc>Returns a list containing given items.</doc>
<assign>
<var>@{Utilisateurs}</var>
</assign>
<msg timestamp="20201001 01:32:57.992" level="INFO">@{Utilisateurs} = [ ]</msg>
<status status="PASS" starttime="20201001 01:32:57.990" endtime="20201001 01:32:57.993"></status>
</kw>
<kw name="Create List" library="BuiltIn">
<doc>Returns a list containing given items.</doc>
<assign>
<var>@{groupes}</var>
</assign>
<msg timestamp="20201001 01:32:57.997" level="INFO">@{groupes} = [ ]</msg>
<status status="PASS" starttime="20201001 01:32:57.995" endtime="20201001 01:32:57.997"></status>
</kw>
<kw name="Return List From Csv" library="csvHandling">
<arguments>
<arg>${modifierDATAPOOL}</arg>
</arguments>
<assign>
<var>@{Lignes}</var>
</assign>
<msg timestamp="20201001 01:32:58.004" level="INFO">@{Lignes} = [ modele_XX;222;modele_XX;mostafa;petiteDesc;testingAModel4444456;212323667;mostafa2;petiteDesc2;0
 ]</msg>
<status status="PASS" starttime="20201001 01:32:58.000" endtime="20201001 01:32:58.005"></status>
</kw>
<kw name="${Ligne} IN [ @{Lignes} ]" type="for">
<kw name="${Ligne} = modele_XX;222;modele_XX;mostafa;petiteDesc;testingAModel4444456;212323667;mostafa2;petiteDesc2;0&#10;" type="foritem">
<kw name="Split String" library="String">
<doc>Splits the ``string`` using ``separator`` as a delimiter string.</doc>
<arguments>
<arg>${Ligne}</arg>
<arg>;</arg>
</arguments>
<assign>
<var>@{param}</var>
</assign>
<msg timestamp="20201001 01:32:58.012" level="INFO">@{param} = [ modele_XX | 222 | modele_XX | mostafa | petiteDesc | testingAModel4444456 | 212323667 | mostafa2 | petiteDesc2 | 0
 ]</msg>
<status status="PASS" starttime="20201001 01:32:58.010" endtime="20201001 01:32:58.013"></status>
</kw>
<kw name="creerModele" library="Keywords">
<arguments>
<arg>${param}[0]</arg>
<arg>${param}[1]</arg>
<arg>${param}[2]-${timestamp}</arg>
<arg>${param}[3]</arg>
<arg>${param}[4]</arg>
</arguments>
<kw name="Click Element" library="SeleniumLibrary">
<doc>Click the element identified by ``locator``.</doc>
<arguments>
<arg>//a[contains(text(), 'Outils admin')]</arg>
</arguments>
<msg timestamp="20201001 01:32:58.027" level="INFO">Clicking element '//a[contains(text(), 'Outils admin')]'.</msg>
<status status="PASS" starttime="20201001 01:32:58.022" endtime="20201001 01:33:02.487"></status>
</kw>
<kw name="Click Element" library="SeleniumLibrary">
<doc>Click the element identified by ``locator``.</doc>
<arguments>
<arg>//a[contains(text(), 'Gestionnaire de modèles')]</arg>
</arguments>
<msg timestamp="20201001 01:33:02.492" level="INFO">Clicking element '//a[contains(text(), 'Gestionnaire de modèles')]'.</msg>
<status status="PASS" starttime="20201001 01:33:02.489" endtime="20201001 01:33:06.429"></status>
</kw>
<kw name="Click Element" library="SeleniumLibrary">
<doc>Click the element identified by ``locator``.</doc>
<arguments>
<arg>//div[@id='CMM_PANE_CONTAINER']//span[text()='Créer un modèle']</arg>
</arguments>
<msg timestamp="20201001 01:33:06.434" level="INFO">Clicking element '//div[@id='CMM_PANE_CONTAINER']//span[text()='Créer un modèle']'.</msg>
<status status="PASS" starttime="20201001 01:33:06.431" endtime="20201001 01:33:07.451"></status>
</kw>
<kw name="Input Text" library="SeleniumLibrary">
<doc>Types the given ``text`` into the text field identified by ``locator``.</doc>
<arguments>
<arg>//div[@id='CMM_CREATE_MODEL_DIALOG']//input[@name='namespace']</arg>
<arg>${espaceNom}</arg>
</arguments>
<msg timestamp="20201001 01:33:07.455" level="INFO">Typing text 'modele_XX' into text field '//div[@id='CMM_CREATE_MODEL_DIALOG']//input[@name='namespace']'.</msg>
<status status="PASS" starttime="20201001 01:33:07.453" endtime="20201001 01:33:07.844"></status>
</kw>
<kw name="Input Text" library="SeleniumLibrary">
<doc>Types the given ``text`` into the text field identified by ``locator``.</doc>
<arguments>
<arg>//div[@id='CMM_CREATE_MODEL_DIALOG']//input[@name='prefix']</arg>
<arg>${prefix}</arg>
</arguments>
<msg timestamp="20201001 01:33:07.847" level="INFO">Typing text '222' into text field '//div[@id='CMM_CREATE_MODEL_DIALOG']//input[@name='prefix']'.</msg>
<status status="PASS" starttime="20201001 01:33:07.845" endtime="20201001 01:33:08.209"></status>
</kw>
<kw name="Input Text" library="SeleniumLibrary">
<doc>Types the given ``text`` into the text field identified by ``locator``.</doc>
<arguments>
<arg>//div[@id='CMM_CREATE_MODEL_DIALOG']//input[@name='name']</arg>
<arg>${nom}</arg>
</arguments>
<msg timestamp="20201001 01:33:08.213" level="INFO">Typing text 'modele_XX-2020-10-01-013258' into text field '//div[@id='CMM_CREATE_MODEL_DIALOG']//input[@name='name']'.</msg>
<status status="PASS" starttime="20201001 01:33:08.211" endtime="20201001 01:33:08.795"></status>
</kw>
<kw name="Input Text" library="SeleniumLibrary">
<doc>Types the given ``text`` into the text field identified by ``locator``.</doc>
<arguments>
<arg>//div[@id='CMM_CREATE_MODEL_DIALOG']//input[@name='author']</arg>
<arg>${createur}</arg>
</arguments>
<msg timestamp="20201001 01:33:08.800" level="INFO">Typing text 'mostafa' into text field '//div[@id='CMM_CREATE_MODEL_DIALOG']//input[@name='author']'.</msg>
<status status="PASS" starttime="20201001 01:33:08.797" endtime="20201001 01:33:09.134"></status>
</kw>
<kw name="Input Text" library="SeleniumLibrary">
<doc>Types the given ``text`` into the text field identified by ``locator``.</doc>
<arguments>
<arg>//div[@id='CMM_CREATE_MODEL_DIALOG']//textarea[@name='description']</arg>
<arg>${desc}</arg>
</arguments>
<msg timestamp="20201001 01:33:09.138" level="INFO">Typing text 'petiteDesc' into text field '//div[@id='CMM_CREATE_MODEL_DIALOG']//textarea[@name='description']'.</msg>
<status status="PASS" starttime="20201001 01:33:09.136" endtime="20201001 01:33:09.511"></status>
</kw>
<kw name="Click Element" library="SeleniumLibrary">
<doc>Click the element identified by ``locator``.</doc>
<arguments>
<arg>//div[@id='CMM_CREATE_MODEL_DIALOG']//span[@id='CMM_CREATE_MODEL_DIALOG_OK_label']</arg>
</arguments>
<msg timestamp="20201001 01:33:09.514" level="INFO">Clicking element '//div[@id='CMM_CREATE_MODEL_DIALOG']//span[@id='CMM_CREATE_MODEL_DIALOG_OK_label']'.</msg>
<status status="PASS" starttime="20201001 01:33:09.512" endtime="20201001 01:33:09.700"></status>
</kw>
<status status="PASS" starttime="20201001 01:32:58.015" endtime="20201001 01:33:09.702"></status>
</kw>
<kw name="Wait Until Page Contains Element" library="SeleniumLibrary">
<doc>Waits until the element ``locator`` appears on the current page.</doc>
<arguments>
<arg>//div[@class='alfresco-lists-AlfList']/div[3]/div/table/tbody/tr/td/span/span/span[2][contains(text(),'${param}[2]-${timestamp}')]</arg>
<arg>15</arg>
</arguments>
<status status="PASS" starttime="20201001 01:33:09.704" endtime="20201001 01:33:10.981"></status>
</kw>
<kw name="Click Element" library="SeleniumLibrary">
<doc>Click the element identified by ``locator``.</doc>
<arguments>
<arg>//div[@class='alfresco-lists-AlfList']/div[3]/div/table/tbody/tr/td/span/span/span[2][contains(text(),'${param}[2]-${timestamp}')]//ancestor::td[1]//following-sibling::td[3]</arg>
</arguments>
<msg timestamp="20201001 01:33:10.987" level="INFO">Clicking element '//div[@class='alfresco-lists-AlfList']/div[3]/div/table/tbody/tr/td/span/span/span[2][contains(text(),'modele_XX-2020-10-01-013258')]//ancestor::td[1]//following-sibling::td[3]'.</msg>
<status status="PASS" starttime="20201001 01:33:10.983" endtime="20201001 01:33:11.218"></status>
</kw>
<kw name="Click Element" library="SeleniumLibrary">
<doc>Click the element identified by ``locator``.</doc>
<arguments>
<arg>//div[contains(@class, 'Popup')]/div/div/div[2]/table/tbody/tr[2]/td[2][contains(text(), 'Modifier')]</arg>
</arguments>
<msg timestamp="20201001 01:33:11.222" level="INFO">Clicking element '//div[contains(@class, 'Popup')]/div/div/div[2]/table/tbody/tr[2]/td[2][contains(text(), 'Modifier')]'.</msg>
<status status="PASS" starttime="20201001 01:33:11.220" endtime="20201001 01:33:11.574"></status>
</kw>
<kw name="Input Text" library="SeleniumLibrary">
<doc>Types the given ``text`` into the text field identified by ``locator``.</doc>
<arguments>
<arg>//div[@id='CMM_EDIT_MODEL_DIALOG']//input[@name='namespace']</arg>
<arg>${param}[5]</arg>
</arguments>
<msg timestamp="20201001 01:33:11.578" level="INFO">Typing text 'testingAModel4444456' into text field '//div[@id='CMM_EDIT_MODEL_DIALOG']//input[@name='namespace']'.</msg>
<status status="PASS" starttime="20201001 01:33:11.576" endtime="20201001 01:33:12.152"></status>
</kw>
<kw name="Input Text" library="SeleniumLibrary">
<doc>Types the given ``text`` into the text field identified by ``locator``.</doc>
<arguments>
<arg>//div[@id='CMM_EDIT_MODEL_DIALOG']//input[@name='prefix']</arg>
<arg>${param}[6]</arg>
</arguments>
<msg timestamp="20201001 01:33:12.155" level="INFO">Typing text '212323667' into text field '//div[@id='CMM_EDIT_MODEL_DIALOG']//input[@name='prefix']'.</msg>
<status status="PASS" starttime="20201001 01:33:12.154" endtime="20201001 01:33:12.546"></status>
</kw>
<kw name="Input Text" library="SeleniumLibrary">
<doc>Types the given ``text`` into the text field identified by ``locator``.</doc>
<arguments>
<arg>//div[@id='CMM_EDIT_MODEL_DIALOG']//input[@name='author']</arg>
<arg>${param}[7]</arg>
</arguments>
<msg timestamp="20201001 01:33:12.550" level="INFO">Typing text 'mostafa2' into text field '//div[@id='CMM_EDIT_MODEL_DIALOG']//input[@name='author']'.</msg>
<status status="PASS" starttime="20201001 01:33:12.547" endtime="20201001 01:33:12.949"></status>
</kw>
<kw name="Input Text" library="SeleniumLibrary">
<doc>Types the given ``text`` into the text field identified by ``locator``.</doc>
<arguments>
<arg>//div[@id='CMM_EDIT_MODEL_DIALOG']//textarea[@name='description']</arg>
<arg>${param}[8]</arg>
</arguments>
<msg timestamp="20201001 01:33:12.953" level="INFO">Typing text 'petiteDesc2' into text field '//div[@id='CMM_EDIT_MODEL_DIALOG']//textarea[@name='description']'.</msg>
<status status="PASS" starttime="20201001 01:33:12.951" endtime="20201001 01:33:13.570"></status>
</kw>
<kw name="Click Element" library="SeleniumLibrary">
<doc>Click the element identified by ``locator``.</doc>
<arguments>
<arg>id=CMM_EDIT_MODEL_DIALOG_OK</arg>
</arguments>
<msg timestamp="20201001 01:33:13.573" level="INFO">Clicking element 'id=CMM_EDIT_MODEL_DIALOG_OK'.</msg>
<status status="PASS" starttime="20201001 01:33:13.572" endtime="20201001 01:33:13.719"></status>
</kw>
<kw name="Reload Page" library="SeleniumLibrary">
<doc>Simulates user reloading page.</doc>
<status status="PASS" starttime="20201001 01:33:13.721" endtime="20201001 01:33:13.766"></status>
</kw>
<kw name="Wait Until Page Contains Element" library="SeleniumLibrary">
<doc>Waits until the element ``locator`` appears on the current page.</doc>
<arguments>
<arg>//div[@class='alfresco-lists-AlfList']/div[3]/div/table/tbody/tr/td/span/span/span[2][contains(text(),'${param}[5]')]</arg>
<arg>15</arg>
</arguments>
<status status="PASS" starttime="20201001 01:33:13.768" endtime="20201001 01:33:17.245"></status>
</kw>
<kw name="Wait Until Page Contains Element" library="SeleniumLibrary">
<doc>Waits until the element ``locator`` appears on the current page.</doc>
<arguments>
<arg>//div[@class='alfresco-lists-AlfList']/div[3]/div/table/tbody/tr/td/span/span/span[2][contains(text(),'${param}[5]')]//ancestor::td//preceding-sibling::td/span/span/span[2][contains(text(),'${param}[2]-${timestamp}')]</arg>
</arguments>
<status status="PASS" starttime="20201001 01:33:17.246" endtime="20201001 01:33:17.295"></status>
</kw>
<kw name="supprimerModele" library="Keywords">
<arguments>
<arg>${param}[2]-${timestamp}</arg>
</arguments>
<kw name="Wait Until Element Is Visible" library="SeleniumLibrary">
<doc>Waits until the element ``locator`` is visible.</doc>
<arguments>
<arg>//div[@id='MODELS_LIST']//span[contains(text(), '${modele}')]/ancestor::td/following-sibling::td[3]/div/div/div/span[2]</arg>
<arg>30</arg>
</arguments>
<status status="PASS" starttime="20201001 01:33:17.298" endtime="20201001 01:33:17.372"></status>
</kw>
<kw name="Click Element" library="SeleniumLibrary">
<doc>Click the element identified by ``locator``.</doc>
<arguments>
<arg>//div[@id='MODELS_LIST']//span[contains(text(), '${modele}')]/ancestor::td/following-sibling::td[3]/div/div/div/span[2]</arg>
</arguments>
<msg timestamp="20201001 01:33:17.375" level="INFO">Clicking element '//div[@id='MODELS_LIST']//span[contains(text(), 'modele_XX-2020-10-01-013258')]/ancestor::td/following-sibling::td[3]/div/div/div/span[2]'.</msg>
<status status="PASS" starttime="20201001 01:33:17.373" endtime="20201001 01:33:17.571"></status>
</kw>
<kw name="Get Element Attribute" library="SeleniumLibrary">
<doc>Returns the value of ``attribute`` from the element ``locator``.</doc>
<arguments>
<arg>//div[@id='MODELS_LIST']//span[contains(text(), '${modele}')]/ancestor::td/following-sibling::td[3]/div[1]/div[1]</arg>
<arg>id</arg>
</arguments>
<assign>
<var>${IWidget}</var>
</assign>
<msg timestamp="20201001 01:33:17.693" level="INFO">${IWidget} = uniqName_0_17</msg>
<status status="PASS" starttime="20201001 01:33:17.573" endtime="20201001 01:33:17.693"></status>
</kw>
<kw name="Wait Until Element Is Visible" library="SeleniumLibrary">
<doc>Waits until the element ``locator`` is visible.</doc>
<arguments>
<arg>//div[contains(@dijitpopupparent, '${IWidget}')]/div/div/div[2]/table/tbody/tr[3]/td[2][text() = 'Supprimer']</arg>
</arguments>
<status status="PASS" starttime="20201001 01:33:17.694" endtime="20201001 01:33:17.751"></status>
</kw>
<kw name="Click Element" library="SeleniumLibrary">
<doc>Click the element identified by ``locator``.</doc>
<arguments>
<arg>//div[contains(@dijitpopupparent, '${IWidget}')]/div/div/div[2]/table/tbody/tr[3]/td[2][text() = 'Supprimer']</arg>
</arguments>
<msg timestamp="20201001 01:33:17.753" level="INFO">Clicking element '//div[contains(@dijitpopupparent, 'uniqName_0_17')]/div/div/div[2]/table/tbody/tr[3]/td[2][text() = 'Supprimer']'.</msg>
<status status="PASS" starttime="20201001 01:33:17.752" endtime="20201001 01:33:17.872"></status>
</kw>
<kw name="Click Element" library="SeleniumLibrary">
<doc>Click the element identified by ``locator``.</doc>
<arguments>
<arg>//div[@id='CMM_DELETE_MODEL_DIALOG']/div[2]/div[2]/span/span/span/span[text() = 'Supprimer']</arg>
</arguments>
<msg timestamp="20201001 01:33:17.876" level="INFO">Clicking element '//div[@id='CMM_DELETE_MODEL_DIALOG']/div[2]/div[2]/span/span/span/span[text() = 'Supprimer']'.</msg>
<status status="PASS" starttime="20201001 01:33:17.874" endtime="20201001 01:33:18.126"></status>
</kw>
<status status="PASS" starttime="20201001 01:33:17.296" endtime="20201001 01:33:18.128"></status>
</kw>
<status status="PASS" starttime="20201001 01:32:58.008" endtime="20201001 01:33:18.129"></status>
</kw>
<status status="PASS" starttime="20201001 01:32:58.006" endtime="20201001 01:33:18.130"></status>
</kw>
<kw name="Logout" library="Logout">
<kw name="Sleep" library="BuiltIn">
<doc>Pauses the test executed for the given time.</doc>
<arguments>
<arg>3s</arg>
</arguments>
<msg timestamp="20201001 01:33:21.138" level="INFO">Slept 3 seconds</msg>
<status status="PASS" starttime="20201001 01:33:18.135" endtime="20201001 01:33:21.139"></status>
</kw>
<kw name="Click Element" library="SeleniumLibrary">
<doc>Click the element identified by ``locator``.</doc>
<arguments>
<arg>id=HEADER_USER_MENU_POPUP</arg>
</arguments>
<msg timestamp="20201001 01:33:21.141" level="INFO">Clicking element 'id=HEADER_USER_MENU_POPUP'.</msg>
<status status="PASS" starttime="20201001 01:33:21.140" endtime="20201001 01:33:21.268"></status>
</kw>
<kw name="Wait Until Element Is Visible" library="SeleniumLibrary">
<doc>Waits until the element ``locator`` is visible.</doc>
<arguments>
<arg>id=HEADER_USER_MENU_LOGOUT_text</arg>
</arguments>
<status status="PASS" starttime="20201001 01:33:21.269" endtime="20201001 01:33:21.385"></status>
</kw>
<kw name="Click Element" library="SeleniumLibrary">
<doc>Click the element identified by ``locator``.</doc>
<arguments>
<arg>id=HEADER_USER_MENU_LOGOUT_text</arg>
</arguments>
<msg timestamp="20201001 01:33:21.387" level="INFO">Clicking element 'id=HEADER_USER_MENU_LOGOUT_text'.</msg>
<status status="PASS" starttime="20201001 01:33:21.386" endtime="20201001 01:33:21.551"></status>
</kw>
<kw name="Close Browser" library="SeleniumLibrary" type="teardown">
<doc>Closes the current browser.</doc>
<status status="PASS" starttime="20201001 01:33:21.552" endtime="20201001 01:33:24.085"></status>
</kw>
<status status="PASS" starttime="20201001 01:33:18.132" endtime="20201001 01:33:24.087"></status>
</kw>
<status status="PASS" starttime="20201001 01:32:45.778" endtime="20201001 01:33:24.088" critical="yes"></status>
</test>
<test id="s1-s1-s1-t3" name="ajouterPanneauAuTypePersonalise">
<kw name="Init Date" library="Keywords">
<assign>
<var>${timeStamp}</var>
</assign>
<kw name="Get Current Date" library="DateTime">
<doc>Returns current local or UTC time with an optional increment.</doc>
<arguments>
<arg>exclude_millis=yes</arg>
</arguments>
<assign>
<var>${vDateSys}</var>
</assign>
<msg timestamp="20201001 01:33:24.096" level="INFO">${vDateSys} = 2020-10-01 01:33:24</msg>
[...]
<status status="PASS" starttime="20201001 01:37:19.936" endtime="20201001 01:37:20.287"></status>
</kw>
<status status="PASS" starttime="20201001 01:37:17.207" endtime="20201001 01:37:20.288"></status>
</kw>
<kw name="Mouse Over" library="SeleniumLibrary">
<doc>Simulates hovering the mouse over the element ``locator``.</doc>
<arguments>
<arg>//div[contains(@class,'alfresco-dnd-DroppedItemWrapper')]//span[contains(text(),'${titrePanneau}')]/preceding-sibling::div[@class='actions']</arg>
</arguments>
<msg timestamp="20201001 01:37:20.292" level="INFO">Simulating Mouse Over on element '//div[contains(@class,'alfresco-dnd-DroppedItemWrapper')]//span[contains(text(),'Description')]/preceding-sibling::div[@class='actions']'.</msg>
<status status="PASS" starttime="20201001 01:37:20.290" endtime="20201001 01:37:20.606"></status>
</kw>
<kw name="Wait Until Element Is Visible" library="SeleniumLibrary">
<doc>Waits until the element ``locator`` is visible.</doc>
<arguments>
<arg>//div[contains(@class,'alfresco-dnd-DroppedItemWrapper')]//span[contains(text(),'${titrePanneau}')]/preceding-sibling::div[@class='actions']/span[contains(@class,'delete')]</arg>
</arguments>
<status status="PASS" starttime="20201001 01:37:20.607" endtime="20201001 01:37:20.671"></status>
</kw>
<kw name="Click Element" library="SeleniumLibrary">
<doc>Click the element identified by ``locator``.</doc>
<arguments>
<arg>//div[contains(@class,'alfresco-dnd-DroppedItemWrapper')]//span[contains(text(),'${titrePanneau}')]/preceding-sibling::div[@class='actions']/span[contains(@class,'delete')]</arg>
</arguments>
<msg timestamp="20201001 01:37:20.673" level="INFO">Clicking element '//div[contains(@class,'alfresco-dnd-DroppedItemWrapper')]//span[contains(text(),'Description')]/preceding-sibling::div[@class='actions']/span[contains(@class,'delete')]'.</msg>
<status status="PASS" starttime="20201001 01:37:20.672" endtime="20201001 01:37:20.796"></status>
</kw>
<kw name="Wait Until Page Does Not Contain Element" library="SeleniumLibrary">
<doc>Waits until the element ``locator`` disappears from the current page.</doc>
<arguments>
<arg>//div[contains(@class,'alfresco-dnd-DroppedItemWrapper')]//span[contains(text(),'${titrePanneau}')]</arg>
</arguments>
<status status="PASS" starttime="20201001 01:37:20.797" endtime="20201001 01:37:20.840"></status>
</kw>
<kw name="supprimerTypePerso" library="Keywords">
<arguments>
<arg>${nomModele}${timeStamp}</arg>
<arg>${nomTypePerso}${timeStamp}</arg>
</arguments>
<kw name="goToModel" library="Keywords">
<arguments>
<arg>${modele}</arg>
</arguments>
<kw name="Reload Page" library="SeleniumLibrary">
<doc>Simulates user reloading page.</doc>
<status status="PASS" starttime="20201001 01:37:20.846" endtime="20201001 01:37:23.323"></status>
</kw>
<kw name="Click Element" library="SeleniumLibrary">
<doc>Click the element identified by ``locator``.</doc>
<arguments>
<arg>//a[contains(text(), 'Outils admin')]</arg>
</arguments>
<msg timestamp="20201001 01:37:23.329" level="INFO">Clicking element '//a[contains(text(), 'Outils admin')]'.</msg>
<status status="PASS" starttime="20201001 01:37:23.325" endtime="20201001 01:37:24.363"></status>
</kw>
<kw name="Click Element" library="SeleniumLibrary">
<doc>Click the element identified by ``locator``.</doc>
<arguments>
<arg>//a[contains(text(), 'Gestionnaire de modèles')]</arg>
</arguments>
<msg timestamp="20201001 01:37:24.366" level="INFO">Clicking element '//a[contains(text(), 'Gestionnaire de modèles')]'.</msg>
<status status="PASS" starttime="20201001 01:37:24.364" endtime="20201001 01:37:31.415"></status>
</kw>
<kw name="Wait Until Page Contains Element" library="SeleniumLibrary">
<doc>Waits until the element ``locator`` appears on the current page.</doc>
<arguments>
<arg>//div[@class='alfresco-lists-AlfList']/div[3]/div/table/tbody/tr/td/span/span/span[2][contains(text(),'${modele}')]</arg>
<arg>${maxImplicitWait}</arg>
</arguments>
<status status="PASS" starttime="20201001 01:37:31.417" endtime="20201001 01:37:32.070"></status>
</kw>
<status status="PASS" starttime="20201001 01:37:20.844" endtime="20201001 01:37:32.072"></status>
</kw>
<kw name="Click Element" library="SeleniumLibrary">
<doc>Click the element identified by ``locator``.</doc>
<arguments>
<arg>//div[@class='alfresco-lists-AlfList']/div[3]/div/table/tbody/tr/td/span/span/span[2][contains(text(),'${modele}')]//ancestor::td[1]//following-sibling::td[3]</arg>
</arguments>
<msg timestamp="20201001 01:37:32.077" level="INFO">Clicking element '//div[@class='alfresco-lists-AlfList']/div[3]/div/table/tbody/tr/td/span/span/span[2][contains(text(),'modele_XX2020-10-01-013626')]//ancestor::td[1]//following-sibling::td[3]'.</msg>
<status status="PASS" starttime="20201001 01:37:32.074" endtime="20201001 01:37:32.274"></status>
</kw>
<kw name="Run Keyword And Return Status" library="BuiltIn">
<doc>Runs the given keyword with given arguments and returns the status as a Boolean value.</doc>
<arguments>
<arg>Page Should Contain Element</arg>
<arg>//div[contains(@class, 'Popup')]/div/div/div[2]/table/tbody/tr[1]/td[2][contains(text(), 'Désactiver')]</arg>
</arguments>
<assign>
<var>${present}</var>
</assign>
<kw name="Page Should Contain Element" library="SeleniumLibrary">
<doc>Verifies that element ``locator`` is found on the current page.</doc>
<arguments>
<arg>//div[contains(@class, 'Popup')]/div/div/div[2]/table/tbody/tr[1]/td[2][contains(text(), 'Désactiver')]</arg>
</arguments>
<kw name="Capture Page Screenshot" library="SeleniumLibrary">
<doc>Takes a screenshot of the current page and embeds it into a log file.</doc>
<msg timestamp="20201001 01:37:33.094" level="INFO" html="yes">&lt;/td&gt;&lt;/tr&gt;&lt;tr&gt;&lt;td colspan="3"&gt;&lt;a href="selenium-screenshot-3.png"&gt;&lt;img src="selenium-screenshot-3.png" width="800px"&gt;&lt;/a&gt;</msg>
<status status="PASS" starttime="20201001 01:37:32.625" endtime="20201001 01:37:33.095"></status>
</kw>
<msg timestamp="20201001 01:37:33.100" level="FAIL">Page should have contained element '//div[contains(@class, 'Popup')]/div/div/div[2]/table/tbody/tr[1]/td[2][contains(text(), 'Désactiver')]' but did not.</msg>
<status status="FAIL" starttime="20201001 01:37:32.278" endtime="20201001 01:37:33.101"></status>
</kw>
<msg timestamp="20201001 01:37:33.102" level="INFO">${present} = False</msg>
<status status="PASS" starttime="20201001 01:37:32.276" endtime="20201001 01:37:33.103"></status>
</kw>
<kw name="Run Keyword If" library="BuiltIn">
<doc>Runs the given keyword with the given arguments, if ``condition`` is true.</doc>
<arguments>
<arg>${present}</arg>
<arg>Click Element</arg>
<arg>//div[contains(@class, 'Popup')]/div/div/div[2]/table/tbody/tr[1]/td[2][contains(text(), 'Désactiver')]</arg>
</arguments>
<status status="PASS" starttime="20201001 01:37:33.104" endtime="20201001 01:37:33.106"></status>
</kw>
<kw name="Click Element" library="SeleniumLibrary">
<doc>Click the element identified by ``locator``.</doc>
<arguments>
<arg>//div[@class='alfresco-lists-AlfList']/div[3]/div/table/tbody/tr/td/span/span/span[2][contains(text(),'${modele}')]</arg>
</arguments>
<msg timestamp="20201001 01:37:33.109" level="INFO">Clicking element '//div[@class='alfresco-lists-AlfList']/div[3]/div/table/tbody/tr/td/span/span/span[2][contains(text(),'modele_XX2020-10-01-013626')]'.</msg>
<status status="PASS" starttime="20201001 01:37:33.108" endtime="20201001 01:37:33.248"></status>
</kw>
<kw name="Sleep" library="BuiltIn">
<doc>Pauses the test executed for the given time.</doc>
<arguments>
<arg>${timeout}</arg>
</arguments>
<msg timestamp="20201001 01:37:36.256" level="INFO">Slept 3 seconds</msg>
<status status="PASS" starttime="20201001 01:37:33.250" endtime="20201001 01:37:36.257"></status>
</kw>
<kw name="Wait Until Page Contains Element" library="SeleniumLibrary">
<doc>Waits until the element ``locator`` appears on the current page.</doc>
<arguments>
<arg>//div[@id='TYPES_LIST']//span[contains(text(), '${typePerso}')]/ancestor::td/following-sibling::td[4]</arg>
<arg>${maxImplicitWait}</arg>
</arguments>
<status status="PASS" starttime="20201001 01:37:36.258" endtime="20201001 01:37:36.292"></status>
</kw>
<kw name="Click Element" library="SeleniumLibrary">
<doc>Click the element identified by ``locator``.</doc>
<arguments>
<arg>//div[@id='TYPES_LIST']//span[contains(text(), '${typePerso}')]/ancestor::td/following-sibling::td[4]/div/div/div/span[2]</arg>
</arguments>
<msg timestamp="20201001 01:37:36.294" level="INFO">Clicking element '//div[@id='TYPES_LIST']//span[contains(text(), 'nom_Type_Perso2020-10-01-013626')]/ancestor::td/following-sibling::td[4]/div/div/div/span[2]'.</msg>
<status status="PASS" starttime="20201001 01:37:36.293" endtime="20201001 01:37:36.425"></status>
</kw>
<kw name="Get Element Attribute" library="SeleniumLibrary">
<doc>Returns the value of ``attribute`` from the element ``locator``.</doc>
<arguments>
<arg>//div[@id='TYPES_LIST']//span[contains(text(), '${typePerso}')]/ancestor::td/following-sibling::td[4]/div[1]/div[1]</arg>
<arg>id</arg>
</arguments>
<assign>
<var>${idDropDown}</var>
</assign>
<msg timestamp="20201001 01:37:36.513" level="INFO">${idDropDown} = uniqName_0_18</msg>
<status status="PASS" starttime="20201001 01:37:36.426" endtime="20201001 01:37:36.514"></status>
</kw>
<kw name="Wait Until Page Contains Element" library="SeleniumLibrary">
<doc>Waits until the element ``locator`` appears on the current page.</doc>
<arguments>
<arg>//div[contains(@dijitpopupparent, '${idDropDown}')]/div/div/div[2]/table/tbody/tr[3]/td[2][text() = 'Supprimer']</arg>
<arg>${maxImplicitWait}</arg>
</arguments>
<status status="PASS" starttime="20201001 01:37:36.516" endtime="20201001 01:37:36.546"></status>
</kw>
<kw name="Click Element" library="SeleniumLibrary">
<doc>Click the element identified by ``locator``.</doc>
<arguments>
<arg>//div[contains(@dijitpopupparent, '${idDropDown}')]/div/div/div[2]/table/tbody/tr[3]/td[2][text() = 'Supprimer']</arg>
</arguments>
<msg timestamp="20201001 01:37:36.549" level="INFO">Clicking element '//div[contains(@dijitpopupparent, 'uniqName_0_18')]/div/div/div[2]/table/tbody/tr[3]/td[2][text() = 'Supprimer']'.</msg>
<status status="PASS" starttime="20201001 01:37:36.547" endtime="20201001 01:37:36.662"></status>
</kw>
<kw name="Wait Until Page Contains Element" library="SeleniumLibrary">
<doc>Waits until the element ``locator`` appears on the current page.</doc>
<arguments>
<arg>//div[@id='CMM_DELETE_TYPE_DIALOG']/div[2]/div[2]/span/span/span/span[contains(text(),'Supprimer')]</arg>
<arg>${maxImplicitWait}</arg>
</arguments>
<status status="PASS" starttime="20201001 01:37:36.665" endtime="20201001 01:37:36.786"></status>
</kw>
<kw name="Click Element" library="SeleniumLibrary">
<doc>Click the element identified by ``locator``.</doc>
<arguments>
<arg>//div[@id='CMM_DELETE_TYPE_DIALOG']/div[2]/div[2]/span/span/span/span[contains(text(),'Supprimer')]</arg>
</arguments>
<msg timestamp="20201001 01:37:36.789" level="INFO">Clicking element '//div[@id='CMM_DELETE_TYPE_DIALOG']/div[2]/div[2]/span/span/span/span[contains(text(),'Supprimer')]'.</msg>
<status status="PASS" starttime="20201001 01:37:36.788" endtime="20201001 01:37:36.903"></status>
</kw>
<kw name="Run Keyword If" library="BuiltIn">
<doc>Runs the given keyword with the given arguments, if ``condition`` is true.</doc>
<arguments>
<arg>${present}</arg>
<arg>goToModel</arg>
<arg>${modele}</arg>
</arguments>
<status status="PASS" starttime="20201001 01:37:36.905" endtime="20201001 01:37:36.907"></status>
</kw>
<kw name="Run Keyword If" library="BuiltIn">
<doc>Runs the given keyword with the given arguments, if ``condition`` is true.</doc>
<arguments>
<arg>${present}</arg>
<arg>Click Element</arg>
<arg>//div[@class='alfresco-lists-AlfList']/div[3]/div/table/tbody/tr/td/span/span/span[2][contains(text(),'${modele}')]//ancestor::td[1]//following-sibling::td[3]</arg>
</arguments>
<status status="PASS" starttime="20201001 01:37:36.909" endtime="20201001 01:37:36.910"></status>
</kw>
<kw name="Run Keyword If" library="BuiltIn">
<doc>Runs the given keyword with the given arguments, if ``condition`` is true.</doc>
<arguments>
<arg>${present}</arg>
<arg>Click Element</arg>
<arg>//div[contains(@class, 'Popup')]/div/div/div[2]/table/tbody/tr[1]/td[2][contains(text(), 'Activer')]</arg>
</arguments>
<status status="PASS" starttime="20201001 01:37:36.911" endtime="20201001 01:37:36.912"></status>
</kw>
<status status="PASS" starttime="20201001 01:37:20.842" endtime="20201001 01:37:36.914"></status>
</kw>
<kw name="goToModel" library="Keywords">
<arguments>
<arg>${nomModele}${timeStamp}</arg>
</arguments>
<kw name="Reload Page" library="SeleniumLibrary">
<doc>Simulates user reloading page.</doc>
<status status="PASS" starttime="20201001 01:37:36.918" endtime="20201001 01:37:39.690"></status>
</kw>
<kw name="Click Element" library="SeleniumLibrary">
<doc>Click the element identified by ``locator``.</doc>
<arguments>
<arg>//a[contains(text(), 'Outils admin')]</arg>
</arguments>
<msg timestamp="20201001 01:37:39.696" level="INFO">Clicking element '//a[contains(text(), 'Outils admin')]'.</msg>
<status status="PASS" starttime="20201001 01:37:39.693" endtime="20201001 01:37:43.931"></status>
</kw>
<kw name="Click Element" library="SeleniumLibrary">
<doc>Click the element identified by ``locator``.</doc>
<arguments>
<arg>//a[contains(text(), 'Gestionnaire de modèles')]</arg>
</arguments>
<msg timestamp="20201001 01:37:43.936" level="INFO">Clicking element '//a[contains(text(), 'Gestionnaire de modèles')]'.</msg>
<status status="PASS" starttime="20201001 01:37:43.933" endtime="20201001 01:37:46.622"></status>
</kw>
<kw name="Wait Until Page Contains Element" library="SeleniumLibrary">
<doc>Waits until the element ``locator`` appears on the current page.</doc>
<arguments>
<arg>//div[@class='alfresco-lists-AlfList']/div[3]/div/table/tbody/tr/td/span/span/span[2][contains(text(),'${modele}')]</arg>
<arg>${maxImplicitWait}</arg>
</arguments>
<status status="PASS" starttime="20201001 01:37:46.624" endtime="20201001 01:37:47.177"></status>
</kw>
<status status="PASS" starttime="20201001 01:37:36.915" endtime="20201001 01:37:47.180"></status>
</kw>
<kw name="supprimerModele" library="Keywords">
<arguments>
<arg>${nomModele}${timeStamp}</arg>
</arguments>
<kw name="Wait Until Element Is Visible" library="SeleniumLibrary">
<doc>Waits until the element ``locator`` is visible.</doc>
<arguments>
<arg>//div[@id='MODELS_LIST']//span[contains(text(), '${modele}')]/ancestor::td/following-sibling::td[3]/div/div/div/span[2]</arg>
<arg>30</arg>
</arguments>
<status status="PASS" starttime="20201001 01:37:47.186" endtime="20201001 01:37:47.259"></status>
</kw>
<kw name="Click Element" library="SeleniumLibrary">
<doc>Click the element identified by ``locator``.</doc>
<arguments>
<arg>//div[@id='MODELS_LIST']//span[contains(text(), '${modele}')]/ancestor::td/following-sibling::td[3]/div/div/div/span[2]</arg>
</arguments>
<msg timestamp="20201001 01:37:47.262" level="INFO">Clicking element '//div[@id='MODELS_LIST']//span[contains(text(), 'modele_XX2020-10-01-013626')]/ancestor::td/following-sibling::td[3]/div/div/div/span[2]'.</msg>
<status status="PASS" starttime="20201001 01:37:47.260" endtime="20201001 01:37:47.467"></status>
</kw>
<kw name="Get Element Attribute" library="SeleniumLibrary">
<doc>Returns the value of ``attribute`` from the element ``locator``.</doc>
<arguments>
<arg>//div[@id='MODELS_LIST']//span[contains(text(), '${modele}')]/ancestor::td/following-sibling::td[3]/div[1]/div[1]</arg>
<arg>id</arg>
</arguments>
<assign>
<var>${IWidget}</var>
</assign>
<msg timestamp="20201001 01:37:47.566" level="INFO">${IWidget} = uniqName_0_17</msg>
<status status="PASS" starttime="20201001 01:37:47.469" endtime="20201001 01:37:47.566"></status>
</kw>
<kw name="Wait Until Element Is Visible" library="SeleniumLibrary">
<doc>Waits until the element ``locator`` is visible.</doc>
<arguments>
<arg>//div[contains(@dijitpopupparent, '${IWidget}')]/div/div/div[2]/table/tbody/tr[3]/td[2][text() = 'Supprimer']</arg>
</arguments>
<status status="PASS" starttime="20201001 01:37:47.567" endtime="20201001 01:37:47.641"></status>
</kw>
<kw name="Click Element" library="SeleniumLibrary">
<doc>Click the element identified by ``locator``.</doc>
<arguments>
<arg>//div[contains(@dijitpopupparent, '${IWidget}')]/div/div/div[2]/table/tbody/tr[3]/td[2][text() = 'Supprimer']</arg>
</arguments>
<msg timestamp="20201001 01:37:47.644" level="INFO">Clicking element '//div[contains(@dijitpopupparent, 'uniqName_0_17')]/div/div/div[2]/table/tbody/tr[3]/td[2][text() = 'Supprimer']'.</msg>
<status status="PASS" starttime="20201001 01:37:47.642" endtime="20201001 01:37:47.761"></status>
</kw>
<kw name="Click Element" library="SeleniumLibrary">
<doc>Click the element identified by ``locator``.</doc>
<arguments>
<arg>//div[@id='CMM_DELETE_MODEL_DIALOG']/div[2]/div[2]/span/span/span/span[text() = 'Supprimer']</arg>
</arguments>
<msg timestamp="20201001 01:37:47.766" level="INFO">Clicking element '//div[@id='CMM_DELETE_MODEL_DIALOG']/div[2]/div[2]/span/span/span/span[text() = 'Supprimer']'.</msg>
<status status="PASS" starttime="20201001 01:37:47.763" endtime="20201001 01:37:48.002"></status>
</kw>
<status status="PASS" starttime="20201001 01:37:47.182" endtime="20201001 01:37:48.004"></status>
</kw>
<kw name="Logout" library="Logout">
<kw name="Sleep" library="BuiltIn">
<doc>Pauses the test executed for the given time.</doc>
<arguments>
<arg>3s</arg>
</arguments>
<msg timestamp="20201001 01:37:51.012" level="INFO">Slept 3 seconds</msg>
<status status="PASS" starttime="20201001 01:37:48.009" endtime="20201001 01:37:51.013"></status>
</kw>
<kw name="Click Element" library="SeleniumLibrary">
<doc>Click the element identified by ``locator``.</doc>
<arguments>
<arg>id=HEADER_USER_MENU_POPUP</arg>
</arguments>
<msg timestamp="20201001 01:37:51.016" level="INFO">Clicking element 'id=HEADER_USER_MENU_POPUP'.</msg>
<status status="PASS" starttime="20201001 01:37:51.014" endtime="20201001 01:37:51.183"></status>
</kw>
<kw name="Wait Until Element Is Visible" library="SeleniumLibrary">
<doc>Waits until the element ``locator`` is visible.</doc>
<arguments>
<arg>id=HEADER_USER_MENU_LOGOUT_text</arg>
</arguments>
<status status="PASS" starttime="20201001 01:37:51.185" endtime="20201001 01:37:51.260"></status>
</kw>
<kw name="Click Element" library="SeleniumLibrary">
<doc>Click the element identified by ``locator``.</doc>
<arguments>
<arg>id=HEADER_USER_MENU_LOGOUT_text</arg>
</arguments>
<msg timestamp="20201001 01:37:51.262" level="INFO">Clicking element 'id=HEADER_USER_MENU_LOGOUT_text'.</msg>
<status status="PASS" starttime="20201001 01:37:51.261" endtime="20201001 01:37:51.379"></status>
</kw>
<kw name="Close Browser" library="SeleniumLibrary" type="teardown">
<doc>Closes the current browser.</doc>
<status status="PASS" starttime="20201001 01:37:51.382" endtime="20201001 01:37:53.962"></status>
</kw>
<status status="PASS" starttime="20201001 01:37:48.006" endtime="20201001 01:37:53.963"></status>
</kw>
<status status="PASS" starttime="20201001 01:36:25.732" endtime="20201001 01:37:53.964" critical="yes"></status>
</test>
<status status="PASS" starttime="20201001 01:31:15.723" endtime="20201001 01:37:53.969"></status>
</suite>
<status status="PASS" starttime="20201001 01:31:15.714" endtime="20201001 01:37:53.989"></status>
</suite>
<status status="PASS" starttime="20201001 01:31:15.631" endtime="20201001 01:37:54.004"></status>
</suite>
<statistics>
<total>
<stat pass="5" fail="0">Critical Tests</stat>
<stat pass="5" fail="0">All Tests</stat>
</total>
<tag>
</tag>
<suite>
<stat pass="5" fail="0" id="s1" name="PFD ROBOT">PFD ROBOT</stat>
<stat pass="5" fail="0" id="s1-s1" name="testSuites">PFD ROBOT.testSuites</stat>
<stat pass="5" fail="0" id="s1-s1-s1" name="testRes">PFD ROBOT.testSuites.testRes</stat>
</suite>
</statistics>
<errors>
</errors>
</robot>
